#
# There is insufficient memory for the Java Runtime Environment to continue.
# Native memory allocation (malloc) failed to allocate 486832 bytes. Error detail: Chunk::new
# Possible reasons:
#   The system is out of physical RAM or swap space
#   This process is running with CompressedOops enabled, and the Java Heap may be blocking the growth of the native heap
# Possible solutions:
#   Reduce memory load on the system
#   Increase physical memory or swap space
#   Check if swap backing store is full
#   Decrease Java heap size (-Xmx/-Xms)
#   Decrease number of Java threads
#   Decrease Java thread stack sizes (-Xss)
#   Set larger code cache with -XX:ReservedCodeCacheSize=
#   JVM is running with Zero Based Compressed Oops mode in which the Java heap is
#     placed in the first 32GB address space. The Java Heap base address is the
#     maximum limit for the native heap growth. Please use -XX:HeapBaseMinAddress
#     to set the Java Heap base and to place the Java Heap above 32GB virtual address.
# This output file may be truncated or incomplete.
#
#  Out of Memory Error (arena.cpp:168), pid=9940, tid=5672
#
# JRE version: OpenJDK Runtime Environment Temurin-21.0.5+11 (21.0.5+11) (build 21.0.5+11-LTS)
# Java VM: OpenJDK 64-Bit Server VM Temurin-21.0.5+11 (21.0.5+11-LTS, mixed mode, sharing, tiered, compressed oops, compressed class ptrs, g1 gc, windows-amd64)
# No core dump will be written. Minidumps are not enabled by default on client versions of Windows
#

---------------  S U M M A R Y ------------

Command Line: -Dfile.encoding=UTF-8 -Dstdout.encoding=UTF-8 -Dstderr.encoding=UTF-8 -XX:+ShowCodeDetailsInExceptionMessages com.example.demo.LabRatsServerApplication

Host: Intel(R) Core(TM) i7-8700K CPU @ 3.70GHz, 12 cores, 15G,  Windows 10 , 64 bit Build 19041 (10.0.19041.5198)
Time: Tue Dec 17 17:12:16 2024 Romance Standard Time elapsed time: 112.773272 seconds (0d 0h 1m 52s)

---------------  T H R E A D  ---------------

Current thread (0x00000243e0a55760):  JavaThread "C2 CompilerThread0" daemon [_thread_in_native, id=5672, stack(0x000000d470e00000,0x000000d470f00000) (1024K)]


Current CompileTask:
C2:112773 6770   !   4       org.springframework.beans.factory.support.AbstractBeanFactory::doGetBean (787 bytes)

Stack: [0x000000d470e00000,0x000000d470f00000]
Native frames: (J=compiled Java code, j=interpreted, Vv=VM code, C=native code)
V  [jvm.dll+0x6cd4e9]
V  [jvm.dll+0x8a7941]
V  [jvm.dll+0x8a9e6e]
V  [jvm.dll+0x8aa543]
V  [jvm.dll+0x27f6d6]
V  [jvm.dll+0xc500d]
V  [jvm.dll+0xc5543]
V  [jvm.dll+0x3b660c]
V  [jvm.dll+0x382835]
V  [jvm.dll+0x381c9a]
V  [jvm.dll+0x2479d0]
V  [jvm.dll+0x246faf]
V  [jvm.dll+0x1c75ce]
V  [jvm.dll+0x25682a]
V  [jvm.dll+0x254dca]
V  [jvm.dll+0x3f00d6]
V  [jvm.dll+0x8514fb]
V  [jvm.dll+0x6cbbed]
C  [ucrtbase.dll+0x21bb2]
C  [KERNEL32.DLL+0x17374]
C  [ntdll.dll+0x4cc91]


---------------  P R O C E S S  ---------------

Threads class SMR info:
_java_thread_list=0x00000243e6abdcc0, length=27, elements={
0x00000243e0a44b10, 0x00000243e0a45760, 0x00000243e0a4a8a0, 0x00000243e0a4d400,
0x00000243e0a4e670, 0x00000243e0a549e0, 0x00000243e0a55760, 0x00000243e0a58200,
0x00000243e0c9d280, 0x00000243e0ca1ed0, 0x00000243e7721150, 0x00000243e77217e0,
0x00000243e771f080, 0x00000243e771fda0, 0x00000243e7720430, 0x00000243e7720ac0,
0x00000243e7721e70, 0x00000243e7722500, 0x00000243e74ca980, 0x00000243e74cb010,
0x00000243e74c9c60, 0x00000243e74cca50, 0x00000243e74ca2f0, 0x00000243e74cd0e0,
0x00000243e74cb6a0, 0x00000243e74cbd30, 0x00000243e6e423b0
}

Java Threads: ( => current thread )
  0x00000243e0a44b10 JavaThread "Reference Handler"          daemon [_thread_blocked, id=1348, stack(0x000000d470800000,0x000000d470900000) (1024K)]
  0x00000243e0a45760 JavaThread "Finalizer"                  daemon [_thread_blocked, id=16248, stack(0x000000d470900000,0x000000d470a00000) (1024K)]
  0x00000243e0a4a8a0 JavaThread "Signal Dispatcher"          daemon [_thread_blocked, id=13688, stack(0x000000d470a00000,0x000000d470b00000) (1024K)]
  0x00000243e0a4d400 JavaThread "Attach Listener"            daemon [_thread_blocked, id=6184, stack(0x000000d470b00000,0x000000d470c00000) (1024K)]
  0x00000243e0a4e670 JavaThread "Service Thread"             daemon [_thread_blocked, id=15496, stack(0x000000d470c00000,0x000000d470d00000) (1024K)]
  0x00000243e0a549e0 JavaThread "Monitor Deflation Thread"   daemon [_thread_blocked, id=14808, stack(0x000000d470d00000,0x000000d470e00000) (1024K)]
=>0x00000243e0a55760 JavaThread "C2 CompilerThread0"         daemon [_thread_in_native, id=5672, stack(0x000000d470e00000,0x000000d470f00000) (1024K)]
  0x00000243e0a58200 JavaThread "C1 CompilerThread0"         daemon [_thread_blocked, id=12872, stack(0x000000d470f00000,0x000000d471000000) (1024K)]
  0x00000243e0c9d280 JavaThread "Notification Thread"        daemon [_thread_blocked, id=16124, stack(0x000000d471000000,0x000000d471100000) (1024K)]
  0x00000243e0ca1ed0 JavaThread "Common-Cleaner"             daemon [_thread_blocked, id=14352, stack(0x000000d471100000,0x000000d471200000) (1024K)]
  0x00000243e7721150 JavaThread "Catalina-utility-1"                [_thread_blocked, id=416, stack(0x000000d471e00000,0x000000d471f00000) (1024K)]
  0x00000243e77217e0 JavaThread "Catalina-utility-2"                [_thread_blocked, id=10928, stack(0x000000d471f00000,0x000000d472000000) (1024K)]
  0x00000243e771f080 JavaThread "container-0"                       [_thread_blocked, id=15168, stack(0x000000d472000000,0x000000d472100000) (1024K)]
  0x00000243e771fda0 JavaThread "http-nio-8080-exec-1"       daemon [_thread_blocked, id=6556, stack(0x000000d472100000,0x000000d472200000) (1024K)]
  0x00000243e7720430 JavaThread "http-nio-8080-exec-2"       daemon [_thread_blocked, id=10592, stack(0x000000d472200000,0x000000d472300000) (1024K)]
  0x00000243e7720ac0 JavaThread "http-nio-8080-exec-3"       daemon [_thread_blocked, id=14988, stack(0x000000d472300000,0x000000d472400000) (1024K)]
  0x00000243e7721e70 JavaThread "http-nio-8080-exec-4"       daemon [_thread_blocked, id=13392, stack(0x000000d472400000,0x000000d472500000) (1024K)]
  0x00000243e7722500 JavaThread "http-nio-8080-exec-5"       daemon [_thread_blocked, id=1884, stack(0x000000d472500000,0x000000d472600000) (1024K)]
  0x00000243e74ca980 JavaThread "http-nio-8080-exec-6"       daemon [_thread_blocked, id=7124, stack(0x000000d472600000,0x000000d472700000) (1024K)]
  0x00000243e74cb010 JavaThread "http-nio-8080-exec-7"       daemon [_thread_blocked, id=2408, stack(0x000000d472700000,0x000000d472800000) (1024K)]
  0x00000243e74c9c60 JavaThread "http-nio-8080-exec-8"       daemon [_thread_blocked, id=15900, stack(0x000000d472800000,0x000000d472900000) (1024K)]
  0x00000243e74cca50 JavaThread "http-nio-8080-exec-9"       daemon [_thread_blocked, id=14384, stack(0x000000d472900000,0x000000d472a00000) (1024K)]
  0x00000243e74ca2f0 JavaThread "http-nio-8080-exec-10"      daemon [_thread_blocked, id=1276, stack(0x000000d472a00000,0x000000d472b00000) (1024K)]
  0x00000243e74cd0e0 JavaThread "http-nio-8080-Poller"       daemon [_thread_in_native, id=15096, stack(0x000000d472b00000,0x000000d472c00000) (1024K)]
  0x00000243e74cb6a0 JavaThread "http-nio-8080-Acceptor"     daemon [_thread_in_native, id=15580, stack(0x000000d472c00000,0x000000d472d00000) (1024K)]
  0x00000243e74cbd30 JavaThread "DestroyJavaVM"                     [_thread_blocked, id=15988, stack(0x000000d470000000,0x000000d470100000) (1024K)]
  0x00000243e6e423b0 JavaThread "C2 CompilerThread1"         daemon [_thread_blocked, id=15232, stack(0x000000d46fd00000,0x000000d46fe00000) (1024K)]
Total: 27

Other Threads:
  0x00000243e0a22e30 VMThread "VM Thread"                           [id=15816, stack(0x000000d470700000,0x000000d470800000) (1024K)]
  0x00000243e0a13480 WatcherThread "VM Periodic Task Thread"        [id=5512, stack(0x000000d470600000,0x000000d470700000) (1024K)]
  0x00000243c5e18340 WorkerThread "GC Thread#0"                     [id=16232, stack(0x000000d470100000,0x000000d470200000) (1024K)]
  0x00000243e57ea200 WorkerThread "GC Thread#1"                     [id=7164, stack(0x000000d471300000,0x000000d471400000) (1024K)]
  0x00000243e57ec8c0 WorkerThread "GC Thread#2"                     [id=3076, stack(0x000000d471400000,0x000000d471500000) (1024K)]
  0x00000243e57ecc60 WorkerThread "GC Thread#3"                     [id=15852, stack(0x000000d471500000,0x000000d471600000) (1024K)]
  0x00000243e5725f60 WorkerThread "GC Thread#4"                     [id=6800, stack(0x000000d471600000,0x000000d471700000) (1024K)]
  0x00000243e5726300 WorkerThread "GC Thread#5"                     [id=14272, stack(0x000000d471700000,0x000000d471800000) (1024K)]
  0x00000243e5aa2850 WorkerThread "GC Thread#6"                     [id=15540, stack(0x000000d471900000,0x000000d471a00000) (1024K)]
  0x00000243e5aa1630 WorkerThread "GC Thread#7"                     [id=16068, stack(0x000000d471a00000,0x000000d471b00000) (1024K)]
  0x00000243e5aa24b0 WorkerThread "GC Thread#8"                     [id=12920, stack(0x000000d471b00000,0x000000d471c00000) (1024K)]
  0x00000243e5aa1290 WorkerThread "GC Thread#9"                     [id=8244, stack(0x000000d471c00000,0x000000d471d00000) (1024K)]
  0x00000243c5e291f0 ConcurrentGCThread "G1 Main Marker"            [id=14944, stack(0x000000d470200000,0x000000d470300000) (1024K)]
  0x00000243c5e2ae50 WorkerThread "G1 Conc#0"                       [id=14436, stack(0x000000d470300000,0x000000d470400000) (1024K)]
  0x00000243e5aa19d0 WorkerThread "G1 Conc#1"                       [id=15588, stack(0x000000d471800000,0x000000d471900000) (1024K)]
  0x00000243e5aa0ef0 WorkerThread "G1 Conc#2"                       [id=14364, stack(0x000000d471d00000,0x000000d471e00000) (1024K)]
  0x00000243e08d0560 ConcurrentGCThread "G1 Refine#0"               [id=14368, stack(0x000000d470400000,0x000000d470500000) (1024K)]
  0x00000243e08d2190 ConcurrentGCThread "G1 Service"                [id=8652, stack(0x000000d470500000,0x000000d470600000) (1024K)]
Total: 18

Threads with active compile tasks:
C2 CompilerThread0  112799 6770   !   4       org.springframework.beans.factory.support.AbstractBeanFactory::doGetBean (787 bytes)
Total: 1

VM state: not at safepoint (normal execution)

VM Mutex/Monitor currently owned by a thread: None

Heap address: 0x0000000701200000, size: 4078 MB, Compressed Oops mode: Zero based, Oop shift amount: 3

CDS archive(s) mapped at: [0x0000024380000000-0x0000024380c80000-0x0000024380c80000), size 13107200, SharedBaseAddress: 0x0000024380000000, ArchiveRelocationMode: 1.
Compressed class space mapped at: 0x0000024381000000-0x00000243c1000000, reserved size: 1073741824
Narrow klass base: 0x0000024380000000, Narrow klass shift: 0, Narrow klass range: 0x100000000

GC Precious Log:
 CardTable entry size: 512
 Card Set container configuration: InlinePtr #cards 4 size 8 Array Of Cards #cards 16 size 48 Howl #buckets 8 coarsen threshold 3686 Howl Bitmap #cards 512 size 80 coarsen threshold 460 Card regions per heap region 1 cards per card region 4096
 CPUs: 12 total, 12 available
 Memory: 16310M
 Large Page Support: Disabled
 NUMA Support: Disabled
 Compressed Oops: Enabled (Zero based)
 Heap Region Size: 2M
 Heap Min Capacity: 8M
 Heap Initial Capacity: 256M
 Heap Max Capacity: 4078M
 Pre-touch: Disabled
 Parallel Workers: 10
 Concurrent Workers: 3
 Concurrent Refinement Workers: 10
 Periodic GC: Disabled

Heap:
 garbage-first heap   total 59392K, used 23883K [0x0000000701200000, 0x0000000800000000)
  region size 2048K, 7 young (14336K), 2 survivors (4096K)
 Metaspace       used 34331K, committed 34944K, reserved 1114112K
  class space    used 4025K, committed 4288K, reserved 1048576K

Heap Regions: E=young(eden), S=young(survivor), O=old, HS=humongous(starts), HC=humongous(continues), CS=collection set, F=free, TAMS=top-at-mark-start, PB=parsable bottom
|   0|0x0000000701200000, 0x0000000701400000, 0x0000000701400000|100%| O|  |TAMS 0x0000000701200000| PB 0x0000000701200000| Untracked 
|   1|0x0000000701400000, 0x0000000701600000, 0x0000000701600000|100%| O|  |TAMS 0x0000000701400000| PB 0x0000000701400000| Untracked 
|   2|0x0000000701600000, 0x0000000701600000, 0x0000000701800000|  0%| F|  |TAMS 0x0000000701600000| PB 0x0000000701600000| Untracked 
|   3|0x0000000701800000, 0x0000000701a00000, 0x0000000701a00000|100%| O|  |TAMS 0x0000000701800000| PB 0x0000000701800000| Untracked 
|   4|0x0000000701a00000, 0x0000000701c00000, 0x0000000701c00000|100%| O|  |TAMS 0x0000000701a00000| PB 0x0000000701a00000| Untracked 
|   5|0x0000000701c00000, 0x0000000701e00000, 0x0000000701e00000|100%| O|  |TAMS 0x0000000701c00000| PB 0x0000000701c00000| Untracked 
|   6|0x0000000701e00000, 0x0000000702000000, 0x0000000702000000|100%| O|  |TAMS 0x0000000701e00000| PB 0x0000000701e00000| Untracked 
|   7|0x0000000702000000, 0x00000007020ff450, 0x0000000702200000| 49%| O|  |TAMS 0x0000000702000000| PB 0x0000000702000000| Untracked 
|   8|0x0000000702200000, 0x0000000702200000, 0x0000000702400000|  0%| F|  |TAMS 0x0000000702200000| PB 0x0000000702200000| Untracked 
|   9|0x0000000702400000, 0x0000000702400000, 0x0000000702600000|  0%| F|  |TAMS 0x0000000702400000| PB 0x0000000702400000| Untracked 
|  10|0x0000000702600000, 0x0000000702653a00, 0x0000000702800000| 16%| S|CS|TAMS 0x0000000702600000| PB 0x0000000702600000| Complete 
|  11|0x0000000702800000, 0x0000000702a00000, 0x0000000702a00000|100%| S|CS|TAMS 0x0000000702800000| PB 0x0000000702800000| Complete 
|  12|0x0000000702a00000, 0x0000000702a00000, 0x0000000702c00000|  0%| F|  |TAMS 0x0000000702a00000| PB 0x0000000702a00000| Untracked 
|  13|0x0000000702c00000, 0x0000000702c00000, 0x0000000702e00000|  0%| F|  |TAMS 0x0000000702c00000| PB 0x0000000702c00000| Untracked 
|  14|0x0000000702e00000, 0x0000000702e00000, 0x0000000703000000|  0%| F|  |TAMS 0x0000000702e00000| PB 0x0000000702e00000| Untracked 
|  15|0x0000000703000000, 0x0000000703000000, 0x0000000703200000|  0%| F|  |TAMS 0x0000000703000000| PB 0x0000000703000000| Untracked 
|  16|0x0000000703200000, 0x0000000703200000, 0x0000000703400000|  0%| F|  |TAMS 0x0000000703200000| PB 0x0000000703200000| Untracked 
|  17|0x0000000703400000, 0x0000000703400000, 0x0000000703600000|  0%| F|  |TAMS 0x0000000703400000| PB 0x0000000703400000| Untracked 
|  18|0x0000000703600000, 0x0000000703600000, 0x0000000703800000|  0%| F|  |TAMS 0x0000000703600000| PB 0x0000000703600000| Untracked 
|  19|0x0000000703800000, 0x0000000703800000, 0x0000000703a00000|  0%| F|  |TAMS 0x0000000703800000| PB 0x0000000703800000| Untracked 
|  20|0x0000000703a00000, 0x0000000703a00000, 0x0000000703c00000|  0%| F|  |TAMS 0x0000000703a00000| PB 0x0000000703a00000| Untracked 
|  21|0x0000000703c00000, 0x0000000703c00000, 0x0000000703e00000|  0%| F|  |TAMS 0x0000000703c00000| PB 0x0000000703c00000| Untracked 
|  22|0x0000000703e00000, 0x0000000703e00000, 0x0000000704000000|  0%| F|  |TAMS 0x0000000703e00000| PB 0x0000000703e00000| Untracked 
|  23|0x0000000704000000, 0x0000000704000000, 0x0000000704200000|  0%| F|  |TAMS 0x0000000704000000| PB 0x0000000704000000| Untracked 
| 105|0x000000070e400000, 0x000000070e531968, 0x000000070e600000| 59%| E|  |TAMS 0x000000070e400000| PB 0x000000070e400000| Complete 
| 106|0x000000070e600000, 0x000000070e800000, 0x000000070e800000|100%| E|CS|TAMS 0x000000070e600000| PB 0x000000070e600000| Complete 
| 107|0x000000070e800000, 0x000000070ea00000, 0x000000070ea00000|100%| E|CS|TAMS 0x000000070e800000| PB 0x000000070e800000| Complete 
| 108|0x000000070ea00000, 0x000000070ec00000, 0x000000070ec00000|100%| E|CS|TAMS 0x000000070ea00000| PB 0x000000070ea00000| Complete 
| 127|0x0000000711000000, 0x0000000711200000, 0x0000000711200000|100%| E|CS|TAMS 0x0000000711000000| PB 0x0000000711000000| Complete 

Card table byte_map: [0x00000243d9620000,0x00000243d9e20000] _byte_map_base: 0x00000243d5e17000

Marking Bits: (CMBitMap*) 0x00000243c5e18a40
 Bits: [0x00000243d9e20000, 0x00000243dddd8000)

Polling page: 0x00000243c3d40000

Metaspace:

Usage:
  Non-class:     29.59 MB used.
      Class:      3.93 MB used.
       Both:     33.53 MB used.

Virtual space:
  Non-class space:       64.00 MB reserved,      29.94 MB ( 47%) committed,  1 nodes.
      Class space:        1.00 GB reserved,       4.19 MB ( <1%) committed,  1 nodes.
             Both:        1.06 GB reserved,      34.12 MB (  3%) committed. 

Chunk freelists:
   Non-Class:  1.73 MB
       Class:  11.73 MB
        Both:  13.46 MB

MaxMetaspaceSize: unlimited
CompressedClassSpaceSize: 1.00 GB
Initial GC threshold: 21.00 MB
Current GC threshold: 35.31 MB
CDS: on
 - commit_granule_bytes: 65536.
 - commit_granule_words: 8192.
 - virtual_space_node_default_size: 8388608.
 - enlarge_chunks_in_place: 1.
 - use_allocation_guard: 0.


Internal statistics:

num_allocs_failed_limit: 3.
num_arena_births: 776.
num_arena_deaths: 0.
num_vsnodes_births: 2.
num_vsnodes_deaths: 0.
num_space_committed: 546.
num_space_uncommitted: 0.
num_chunks_returned_to_freelist: 3.
num_chunks_taken_from_freelist: 2057.
num_chunk_merges: 3.
num_chunk_splits: 1366.
num_chunks_enlarged: 944.
num_inconsistent_stats: 0.

CodeHeap 'non-profiled nmethods': size=120000Kb used=5562Kb max_used=5562Kb free=114438Kb
 bounds [0x00000243d13a0000, 0x00000243d1910000, 0x00000243d88d0000]
CodeHeap 'profiled nmethods': size=120000Kb used=14307Kb max_used=14307Kb free=105692Kb
 bounds [0x00000243c98d0000, 0x00000243ca6d0000, 0x00000243d0e00000]
CodeHeap 'non-nmethods': size=5760Kb used=1525Kb max_used=1598Kb free=4235Kb
 bounds [0x00000243d0e00000, 0x00000243d1070000, 0x00000243d13a0000]
 total_blobs=7385 nmethods=6790 adapters=498
 compilation: enabled
              stopped_count=0, restarted_count=0
 full_count=0

Compilation events (20 events):
Event: 111.734 Thread 0x00000243e0a55760 nmethod 6763 0x00000243d18f6890 code [0x00000243d18f6ae0, 0x00000243d18f75f8]
Event: 111.734 Thread 0x00000243e0a55760 6764       4       org.springframework.web.servlet.HandlerExecutionChain::applyPreHandle (68 bytes)
Event: 111.738 Thread 0x00000243e0a55760 nmethod 6764 0x00000243d18f7d90 code [0x00000243d18f7f60, 0x00000243d18f82f8]
Event: 111.738 Thread 0x00000243e0a55760 6765       4       org.springframework.web.servlet.mvc.method.annotation.RequestResponseBodyMethodProcessor::readWithMessageConverters (55 bytes)
Event: 111.741 Thread 0x00000243e0a55760 nmethod 6765 0x00000243d18f8610 code [0x00000243d18f87c0, 0x00000243d18f89f8]
Event: 111.741 Thread 0x00000243e0a55760 6766       4       org.springframework.web.method.support.InvocableHandlerMethod::<init> (35 bytes)
Event: 111.763 Thread 0x00000243e0a55760 nmethod 6766 0x00000243d18f8c90 code [0x00000243d18f8ee0, 0x00000243d18f9f68]
Event: 111.763 Thread 0x00000243e0a55760 6767       4       com.fasterxml.jackson.databind.deser.BeanDeserializer::deserialize (62 bytes)
Event: 111.794 Thread 0x00000243e0a55760 nmethod 6767 0x00000243d18fa490 code [0x00000243d18fa840, 0x00000243d18fbd78]
Event: 111.795 Thread 0x00000243e0a55760 6768       4       com.fasterxml.jackson.core.JsonFactory::createParser (23 bytes)
Event: 111.813 Thread 0x00000243e0a58200 6772       3       jdk.internal.misc.Unsafe::bool2byte (10 bytes)
Event: 111.814 Thread 0x00000243e0a58200 nmethod 6772 0x00000243ca6b8f10 code [0x00000243ca6b90a0, 0x00000243ca6b9200]
Event: 111.892 Thread 0x00000243e0a58200 6775       3       java.lang.invoke.VarHandleGuards::guard_LI_V (123 bytes)
Event: 111.894 Thread 0x00000243e0a58200 nmethod 6775 0x00000243ca6b9290 code [0x00000243ca6b96c0, 0x00000243ca6bbc40]
Event: 111.903 Thread 0x00000243e0a55760 nmethod 6768 0x00000243d18fdd10 code [0x00000243d18fe080, 0x00000243d1900b38]
Event: 111.904 Thread 0x00000243e0a55760 6771       4       org.springframework.web.context.request.AbstractRequestAttributes::requestCompleted (14 bytes)
Event: 111.921 Thread 0x00000243e0a55760 nmethod 6771 0x00000243d1902790 code [0x00000243d1902980, 0x00000243d1903530]
Event: 111.922 Thread 0x00000243e0a55760 6770   !   4       org.springframework.beans.factory.support.AbstractBeanFactory::doGetBean (787 bytes)
Event: 111.924 Thread 0x00000243e0a58200 6778       3       java.util.concurrent.atomic.Striped64::advanceProbe (32 bytes)
Event: 111.925 Thread 0x00000243e0a58200 nmethod 6778 0x00000243ca6bc710 code [0x00000243ca6bc940, 0x00000243ca6bd1d0]

GC Heap History (20 events):
Event: 1.037 GC heap before
{Heap before GC invocations=0 (full 0):
 garbage-first heap   total 262144K, used 22528K [0x0000000701200000, 0x0000000800000000)
  region size 2048K, 11 young (22528K), 0 survivors (0K)
 Metaspace       used 7044K, committed 7296K, reserved 1114112K
  class space    used 832K, committed 960K, reserved 1048576K
}
Event: 1.064 GC heap after
{Heap after GC invocations=1 (full 0):
 garbage-first heap   total 262144K, used 4321K [0x0000000701200000, 0x0000000800000000)
  region size 2048K, 2 young (4096K), 2 survivors (4096K)
 Metaspace       used 7044K, committed 7296K, reserved 1114112K
  class space    used 832K, committed 960K, reserved 1048576K
}
Event: 1.603 GC heap before
{Heap before GC invocations=1 (full 0):
 garbage-first heap   total 262144K, used 32993K [0x0000000701200000, 0x0000000800000000)
  region size 2048K, 17 young (34816K), 2 survivors (4096K)
 Metaspace       used 15107K, committed 15424K, reserved 1114112K
  class space    used 1841K, committed 1984K, reserved 1048576K
}
Event: 1.608 GC heap after
{Heap after GC invocations=2 (full 0):
 garbage-first heap   total 262144K, used 7097K [0x0000000701200000, 0x0000000800000000)
  region size 2048K, 2 young (4096K), 2 survivors (4096K)
 Metaspace       used 15107K, committed 15424K, reserved 1114112K
  class space    used 1841K, committed 1984K, reserved 1048576K
}
Event: 3.085 GC heap before
{Heap before GC invocations=2 (full 0):
 garbage-first heap   total 262144K, used 39865K [0x0000000701200000, 0x0000000800000000)
  region size 2048K, 19 young (38912K), 2 survivors (4096K)
 Metaspace       used 21109K, committed 21504K, reserved 1114112K
  class space    used 2573K, committed 2752K, reserved 1048576K
}
Event: 3.091 GC heap after
{Heap after GC invocations=3 (full 0):
 garbage-first heap   total 262144K, used 10794K [0x0000000701200000, 0x0000000800000000)
  region size 2048K, 4 young (8192K), 4 survivors (8192K)
 Metaspace       used 21109K, committed 21504K, reserved 1114112K
  class space    used 2573K, committed 2752K, reserved 1048576K
}
Event: 4.526 GC heap before
{Heap before GC invocations=4 (full 0):
 garbage-first heap   total 49152K, used 45610K [0x0000000701200000, 0x0000000800000000)
  region size 2048K, 21 young (43008K), 4 survivors (8192K)
 Metaspace       used 28089K, committed 28608K, reserved 1114112K
  class space    used 3467K, committed 3712K, reserved 1048576K
}
Event: 4.534 GC heap after
{Heap after GC invocations=5 (full 0):
 garbage-first heap   total 59392K, used 14723K [0x0000000701200000, 0x0000000800000000)
  region size 2048K, 5 young (10240K), 5 survivors (10240K)
 Metaspace       used 28089K, committed 28608K, reserved 1114112K
  class space    used 3467K, committed 3712K, reserved 1048576K
}
Event: 74.411 GC heap before
{Heap before GC invocations=5 (full 0):
 garbage-first heap   total 59392K, used 37251K [0x0000000701200000, 0x0000000800000000)
  region size 2048K, 17 young (34816K), 5 survivors (10240K)
 Metaspace       used 33064K, committed 33664K, reserved 1114112K
  class space    used 4015K, committed 4288K, reserved 1048576K
}
Event: 74.431 GC heap after
{Heap after GC invocations=6 (full 0):
 garbage-first heap   total 59392K, used 16560K [0x0000000701200000, 0x0000000800000000)
  region size 2048K, 2 young (4096K), 2 survivors (4096K)
 Metaspace       used 33064K, committed 33664K, reserved 1114112K
  class space    used 4015K, committed 4288K, reserved 1048576K
}
Event: 100.742 GC heap before
{Heap before GC invocations=6 (full 0):
 garbage-first heap   total 59392K, used 45232K [0x0000000701200000, 0x0000000800000000)
  region size 2048K, 16 young (32768K), 2 survivors (4096K)
 Metaspace       used 34300K, committed 34880K, reserved 1114112K
  class space    used 4024K, committed 4288K, reserved 1048576K
}
Event: 100.747 GC heap after
{Heap after GC invocations=7 (full 0):
 garbage-first heap   total 59392K, used 15711K [0x0000000701200000, 0x0000000800000000)
  region size 2048K, 2 young (4096K), 2 survivors (4096K)
 Metaspace       used 34300K, committed 34880K, reserved 1114112K
  class space    used 4024K, committed 4288K, reserved 1048576K
}
Event: 103.050 GC heap before
{Heap before GC invocations=7 (full 0):
 garbage-first heap   total 59392K, used 46431K [0x0000000701200000, 0x0000000800000000)
  region size 2048K, 17 young (34816K), 2 survivors (4096K)
 Metaspace       used 34305K, committed 34880K, reserved 1114112K
  class space    used 4024K, committed 4288K, reserved 1048576K
}
Event: 103.052 GC heap after
{Heap after GC invocations=8 (full 0):
 garbage-first heap   total 59392K, used 15686K [0x0000000701200000, 0x0000000800000000)
  region size 2048K, 2 young (4096K), 2 survivors (4096K)
 Metaspace       used 34305K, committed 34880K, reserved 1114112K
  class space    used 4024K, committed 4288K, reserved 1048576K
}
Event: 105.569 GC heap before
{Heap before GC invocations=8 (full 0):
 garbage-first heap   total 59392K, used 46406K [0x0000000701200000, 0x0000000800000000)
  region size 2048K, 17 young (34816K), 2 survivors (4096K)
 Metaspace       used 34316K, committed 34944K, reserved 1114112K
  class space    used 4025K, committed 4288K, reserved 1048576K
}
Event: 105.571 GC heap after
{Heap after GC invocations=9 (full 0):
 garbage-first heap   total 59392K, used 15708K [0x0000000701200000, 0x0000000800000000)
  region size 2048K, 2 young (4096K), 2 survivors (4096K)
 Metaspace       used 34316K, committed 34944K, reserved 1114112K
  class space    used 4025K, committed 4288K, reserved 1048576K
}
Event: 108.769 GC heap before
{Heap before GC invocations=9 (full 0):
 garbage-first heap   total 59392K, used 46428K [0x0000000701200000, 0x0000000800000000)
  region size 2048K, 17 young (34816K), 2 survivors (4096K)
 Metaspace       used 34319K, committed 34944K, reserved 1114112K
  class space    used 4025K, committed 4288K, reserved 1048576K
}
Event: 108.770 GC heap after
{Heap after GC invocations=10 (full 0):
 garbage-first heap   total 59392K, used 15597K [0x0000000701200000, 0x0000000800000000)
  region size 2048K, 2 young (4096K), 2 survivors (4096K)
 Metaspace       used 34319K, committed 34944K, reserved 1114112K
  class space    used 4025K, committed 4288K, reserved 1048576K
}
Event: 111.198 GC heap before
{Heap before GC invocations=10 (full 0):
 garbage-first heap   total 59392K, used 46317K [0x0000000701200000, 0x0000000800000000)
  region size 2048K, 17 young (34816K), 2 survivors (4096K)
 Metaspace       used 34319K, committed 34944K, reserved 1114112K
  class space    used 4025K, committed 4288K, reserved 1048576K
}
Event: 111.199 GC heap after
{Heap after GC invocations=11 (full 0):
 garbage-first heap   total 59392K, used 15761K [0x0000000701200000, 0x0000000800000000)
  region size 2048K, 2 young (4096K), 2 survivors (4096K)
 Metaspace       used 34319K, committed 34944K, reserved 1114112K
  class space    used 4025K, committed 4288K, reserved 1048576K
}

Dll operation events (10 events):
Event: 0.007 Loaded shared library D:\Uni\JER\Fase3\sts-4.27.0.RELEASE\plugins\org.eclipse.justj.openjdk.hotspot.jre.full.win32.x86_64_21.0.5.v20241023-1957\jre\bin\java.dll
Event: 0.041 Loaded shared library D:\Uni\JER\Fase3\sts-4.27.0.RELEASE\plugins\org.eclipse.justj.openjdk.hotspot.jre.full.win32.x86_64_21.0.5.v20241023-1957\jre\bin\zip.dll
Event: 0.103 Loaded shared library D:\Uni\JER\Fase3\sts-4.27.0.RELEASE\plugins\org.eclipse.justj.openjdk.hotspot.jre.full.win32.x86_64_21.0.5.v20241023-1957\jre\bin\net.dll
Event: 0.105 Loaded shared library D:\Uni\JER\Fase3\sts-4.27.0.RELEASE\plugins\org.eclipse.justj.openjdk.hotspot.jre.full.win32.x86_64_21.0.5.v20241023-1957\jre\bin\nio.dll
Event: 0.107 Loaded shared library D:\Uni\JER\Fase3\sts-4.27.0.RELEASE\plugins\org.eclipse.justj.openjdk.hotspot.jre.full.win32.x86_64_21.0.5.v20241023-1957\jre\bin\zip.dll
Event: 0.229 Loaded shared library D:\Uni\JER\Fase3\sts-4.27.0.RELEASE\plugins\org.eclipse.justj.openjdk.hotspot.jre.full.win32.x86_64_21.0.5.v20241023-1957\jre\bin\jimage.dll
Event: 1.770 Loaded shared library D:\Uni\JER\Fase3\sts-4.27.0.RELEASE\plugins\org.eclipse.justj.openjdk.hotspot.jre.full.win32.x86_64_21.0.5.v20241023-1957\jre\bin\sunmscapi.dll
Event: 3.781 Loaded shared library D:\Uni\JER\Fase3\sts-4.27.0.RELEASE\plugins\org.eclipse.justj.openjdk.hotspot.jre.full.win32.x86_64_21.0.5.v20241023-1957\jre\bin\management.dll
Event: 3.784 Loaded shared library D:\Uni\JER\Fase3\sts-4.27.0.RELEASE\plugins\org.eclipse.justj.openjdk.hotspot.jre.full.win32.x86_64_21.0.5.v20241023-1957\jre\bin\management_ext.dll
Event: 4.634 Loaded shared library D:\Uni\JER\Fase3\sts-4.27.0.RELEASE\plugins\org.eclipse.justj.openjdk.hotspot.jre.full.win32.x86_64_21.0.5.v20241023-1957\jre\bin\extnet.dll

Deoptimization events (20 events):
Event: 103.724 Thread 0x00000243e7720ac0 DEOPT PACKING pc=0x00000243d17acb10 sp=0x000000d4723fcaf0
Event: 103.724 Thread 0x00000243e7720ac0 DEOPT UNPACKING pc=0x00000243d0e546a2 sp=0x000000d4723fcb18 mode 2
Event: 103.726 Thread 0x00000243e7720ac0 Uncommon trap: trap_request=0xffffffbe fr.pc=0x00000243d17acb10 relative=0x0000000000001d50
Event: 103.726 Thread 0x00000243e7720ac0 Uncommon trap: reason=profile_predicate action=maybe_recompile pc=0x00000243d17acb10 method=org.springframework.web.servlet.mvc.method.annotation.AbstractMessageConverterMethodProcessor.getProducibleMediaTypes(Ljakarta/servlet/http/HttpServletRequest;Ljav
Event: 103.726 Thread 0x00000243e7720ac0 DEOPT PACKING pc=0x00000243d17acb10 sp=0x000000d4723fcaf0
Event: 103.726 Thread 0x00000243e7720ac0 DEOPT UNPACKING pc=0x00000243d0e546a2 sp=0x000000d4723fcb18 mode 2
Event: 105.449 Thread 0x00000243e7722500 DEOPT PACKING pc=0x00000243ca4e941c sp=0x000000d4725fe570
Event: 105.449 Thread 0x00000243e7722500 DEOPT UNPACKING pc=0x00000243d0e54e42 sp=0x000000d4725fd990 mode 0
Event: 105.804 Thread 0x00000243e74c9c60 DEOPT PACKING pc=0x00000243ca3b4f89 sp=0x000000d4728fe970
Event: 105.804 Thread 0x00000243e74c9c60 DEOPT UNPACKING pc=0x00000243d0e54e42 sp=0x000000d4728fdd90 mode 0
Event: 105.910 Thread 0x00000243e74cca50 DEOPT PACKING pc=0x00000243ca2f039a sp=0x000000d4729fe960
Event: 105.910 Thread 0x00000243e74cca50 DEOPT UNPACKING pc=0x00000243d0e54e42 sp=0x000000d4729fdde8 mode 0
Event: 107.109 Thread 0x00000243e74c9c60 DEOPT PACKING pc=0x00000243ca2773c3 sp=0x000000d4728fea40
Event: 107.109 Thread 0x00000243e74c9c60 DEOPT UNPACKING pc=0x00000243d0e54e42 sp=0x000000d4728fdeb0 mode 0
Event: 107.173 Thread 0x00000243e7720430 Uncommon trap: trap_request=0xffffffdc fr.pc=0x00000243d1874db8 relative=0x0000000000000278
Event: 107.173 Thread 0x00000243e7720430 Uncommon trap: reason=class_check action=make_not_entrant pc=0x00000243d1874db8 method=java.util.ArrayList.toArray([Ljava/lang/Object;)[Ljava/lang/Object; @ 21 c2
Event: 107.173 Thread 0x00000243e7720430 DEOPT PACKING pc=0x00000243d1874db8 sp=0x000000d4722fcb20
Event: 107.173 Thread 0x00000243e7720430 DEOPT UNPACKING pc=0x00000243d0e546a2 sp=0x000000d4722fcad0 mode 2
Event: 107.819 Thread 0x00000243e7721e70 DEOPT PACKING pc=0x00000243ca20e6c3 sp=0x000000d4724fe640
Event: 107.819 Thread 0x00000243e7721e70 DEOPT UNPACKING pc=0x00000243d0e54e42 sp=0x000000d4724fdaa8 mode 0

Classes loaded (20 events):
Event: 66.711 Loading class java/util/OptionalLong
Event: 66.711 Loading class java/util/OptionalLong done
Event: 66.711 Loading class java/util/OptionalDouble
Event: 66.712 Loading class java/util/OptionalDouble done
Event: 66.721 Loading class org/w3c/dom/Node
Event: 66.722 Loading class org/w3c/dom/Node done
Event: 66.722 Loading class org/w3c/dom/Document
Event: 66.722 Loading class org/w3c/dom/Document done
Event: 66.927 Loading class java/util/stream/LongStream
Event: 66.928 Loading class java/util/stream/LongStream done
Event: 66.928 Loading class java/util/stream/DoubleStream
Event: 66.932 Loading class java/util/stream/DoubleStream done
Event: 71.591 Loading class jdk/internal/math/FDBigInteger
Event: 71.592 Loading class jdk/internal/math/FDBigInteger done
Event: 73.945 Loading class java/io/ObjectOutputStream
Event: 73.945 Loading class java/io/ObjectOutput
Event: 73.946 Loading class java/io/ObjectOutput done
Event: 73.946 Loading class java/io/ObjectOutputStream done
Event: 104.489 Loading class sun/util/locale/LocaleExtensions
Event: 104.489 Loading class sun/util/locale/LocaleExtensions done

Classes unloaded (0 events):
No events

Classes redefined (0 events):
No events

Internal exceptions (20 events):
Event: 3.732 Thread 0x00000243c3b02810 Exception <a 'java/lang/NoSuchMethodError'{0x0000000702d3ecb8}: 'int java.lang.invoke.DirectMethodHandle$Holder.invokeVirtual(java.lang.Object, java.lang.Object, java.lang.Object, java.lang.Object)'> (0x0000000702d3ecb8) 
thrown [s\src\hotspot\share\interpreter\linkResolver.cpp, line 773]
Event: 3.732 Thread 0x00000243c3b02810 Exception <a 'java/lang/NoSuchMethodError'{0x0000000702d42740}: 'int java.lang.invoke.DelegatingMethodHandle$Holder.reinvoke_L(java.lang.Object, java.lang.Object, java.lang.Object, java.lang.Object)'> (0x0000000702d42740) 
thrown [s\src\hotspot\share\interpreter\linkResolver.cpp, line 773]
Event: 3.807 Thread 0x00000243c3b02810 Exception <a 'java/io/FileNotFoundException'{0x0000000702b3bd38}> (0x0000000702b3bd38) 
thrown [s\src\hotspot\share\prims\jni.cpp, line 520]
Event: 3.830 Thread 0x00000243c3b02810 Exception <a 'java/lang/NoSuchMethodError'{0x000000070283d528}: 'int java.lang.invoke.DirectMethodHandle$Holder.invokeInterface(java.lang.Object, java.lang.Object, java.lang.Object, java.lang.Object)'> (0x000000070283d528) 
thrown [s\src\hotspot\share\interpreter\linkResolver.cpp, line 773]
Event: 3.868 Thread 0x00000243c3b02810 Exception <a 'java/lang/NoSuchMethodError'{0x00000007029c7908}: 'long java.lang.invoke.DirectMethodHandle$Holder.invokeVirtual(java.lang.Object, java.lang.Object)'> (0x00000007029c7908) 
thrown [s\src\hotspot\share\interpreter\linkResolver.cpp, line 773]
Event: 3.888 Thread 0x00000243c3b02810 Exception <a 'java/lang/NoSuchMethodError'{0x000000070267bd10}: 'void java.lang.invoke.Invokers$Holder.invokeExact_MT(java.lang.Object, java.lang.Object, java.lang.Object, java.lang.Object)'> (0x000000070267bd10) 
thrown [s\src\hotspot\share\interpreter\linkResolver.cpp, line 773]
Event: 4.212 Thread 0x00000243c3b02810 Exception <a 'java/lang/NoSuchMethodError'{0x0000000702577400}: 'java.lang.Object java.lang.invoke.DirectMethodHandle$Holder.newInvokeSpecial(java.lang.Object, java.lang.Object, java.lang.Object, java.lang.Object, java.lang.Object, java.lang.Object, java.lang.Object, java.lang.Object)'> (0x0000000702577400) 
thrown [s\src\hotspot\share\interpreter\linkResolver.cpp, line 773]
Event: 4.378 Thread 0x00000243c3b02810 Exception <a 'java/lang/IncompatibleClassChangeError'{0x0000000701d8f7a0}: Found class java.lang.Object, but interface was expected> (0x0000000701d8f7a0) 
thrown [s\src\hotspot\share\interpreter\linkResolver.cpp, line 840]
Event: 4.411 Thread 0x00000243c3b02810 Exception <a 'java/lang/NoSuchMethodError'{0x0000000701aafd80}: 'void java.lang.invoke.DirectMethodHandle$Holder.invokeVirtual(java.lang.Object, java.lang.Object, long)'> (0x0000000701aafd80) 
thrown [s\src\hotspot\share\interpreter\linkResolver.cpp, line 773]
Event: 4.481 Thread 0x00000243c3b02810 Exception <a 'java/lang/NoSuchMethodError'{0x00000007018d3d50}: 'int java.lang.invoke.DirectMethodHandle$Holder.invokeStaticInit(java.lang.Object, java.lang.Object, java.lang.Object, java.lang.Object)'> (0x00000007018d3d50) 
thrown [s\src\hotspot\share\interpreter\linkResolver.cpp, line 773]
Event: 4.612 Thread 0x00000243c3b02810 Exception <a 'java/lang/NoSuchMethodError'{0x000000070ea66788}: 'java.lang.Object java.lang.invoke.DirectMethodHandle$Holder.newInvokeSpecial(java.lang.Object, java.lang.Object, int, java.lang.Object, java.lang.Object)'> (0x000000070ea66788) 
thrown [s\src\hotspot\share\interpreter\linkResolver.cpp, line 773]
Event: 55.976 Thread 0x00000243e7720430 Exception <a 'java/lang/NoSuchMethodError'{0x000000070e70d200}: 'java.lang.Object java.lang.invoke.DirectMethodHandle$Holder.invokeSpecial(java.lang.Object, java.lang.Object, java.lang.Object, java.lang.Object, java.lang.Object, long)'> (0x000000070e70d200) 
thrown [s\src\hotspot\share\interpreter\linkResolver.cpp, line 773]
Event: 55.976 Thread 0x00000243e7720430 Exception <a 'java/lang/NoSuchMethodError'{0x000000070e7109d0}: 'java.lang.Object java.lang.invoke.Invokers$Holder.linkToTargetMethod(java.lang.Object, java.lang.Object, java.lang.Object, long, java.lang.Object)'> (0x000000070e7109d0) 
thrown [s\src\hotspot\share\interpreter\linkResolver.cpp, line 773]
Event: 56.031 Thread 0x00000243e7720430 Exception <a 'java/lang/NoSuchMethodError'{0x000000070e5b2c28}: 'java.lang.Object java.lang.invoke.DirectMethodHandle$Holder.invokeStatic(java.lang.Object, int, int)'> (0x000000070e5b2c28) 
thrown [s\src\hotspot\share\interpreter\linkResolver.cpp, line 773]
Event: 56.031 Thread 0x00000243e7720ac0 Exception <a 'java/lang/NoSuchMethodError'{0x000000070e572748}: 'java.lang.Object java.lang.invoke.DirectMethodHandle$Holder.invokeStatic(java.lang.Object, int, int)'> (0x000000070e572748) 
thrown [s\src\hotspot\share\interpreter\linkResolver.cpp, line 773]
Event: 68.286 Thread 0x00000243e7722500 Exception <a 'java/lang/NoSuchMethodError'{0x0000000702f968c0}: 'double java.lang.invoke.DirectMethodHandle$Holder.invokeVirtual(java.lang.Object, java.lang.Object)'> (0x0000000702f968c0) 
thrown [s\src\hotspot\share\interpreter\linkResolver.cpp, line 773]
Event: 68.287 Thread 0x00000243e7722500 Exception <a 'java/lang/NoSuchMethodError'{0x0000000702f9dbb0}: 'double java.lang.invoke.DelegatingMethodHandle$Holder.reinvoke_L(java.lang.Object, java.lang.Object)'> (0x0000000702f9dbb0) 
thrown [s\src\hotspot\share\interpreter\linkResolver.cpp, line 773]
Event: 71.519 Thread 0x00000243e74c9c60 Exception <a 'java/lang/NoSuchMethodError'{0x0000000702c27190}: 'void java.lang.invoke.DirectMethodHandle$Holder.invokeVirtual(java.lang.Object, java.lang.Object, double)'> (0x0000000702c27190) 
thrown [s\src\hotspot\share\interpreter\linkResolver.cpp, line 773]
Event: 71.520 Thread 0x00000243e74c9c60 Exception <a 'java/lang/NoSuchMethodError'{0x0000000702c31bb8}: 'double java.lang.invoke.DelegatingMethodHandle$Holder.reinvoke_L(java.lang.Object, java.lang.Object, int)'> (0x0000000702c31bb8) 
thrown [s\src\hotspot\share\interpreter\linkResolver.cpp, line 773]
Event: 71.521 Thread 0x00000243e74c9c60 Exception <a 'java/lang/NoSuchMethodError'{0x0000000702c3bc80}: 'void java.lang.invoke.DelegatingMethodHandle$Holder.reinvoke_L(java.lang.Object, java.lang.Object, double)'> (0x0000000702c3bc80) 
thrown [s\src\hotspot\share\interpreter\linkResolver.cpp, line 773]

ZGC Phase Switch (0 events):
No events

VM Operations (20 events):
Event: 104.060 Executing VM operation: Cleanup
Event: 104.154 Executing VM operation: Cleanup done
Event: 105.166 Executing VM operation: Cleanup
Event: 105.166 Executing VM operation: Cleanup done
Event: 105.569 Executing VM operation: G1CollectForAllocation (G1 Evacuation Pause)
Event: 105.572 Executing VM operation: G1CollectForAllocation (G1 Evacuation Pause) done
Event: 106.576 Executing VM operation: Cleanup
Event: 106.576 Executing VM operation: Cleanup done
Event: 107.586 Executing VM operation: Cleanup
Event: 107.586 Executing VM operation: Cleanup done
Event: 108.596 Executing VM operation: Cleanup
Event: 108.596 Executing VM operation: Cleanup done
Event: 108.769 Executing VM operation: G1CollectForAllocation (G1 Evacuation Pause)
Event: 108.770 Executing VM operation: G1CollectForAllocation (G1 Evacuation Pause) done
Event: 109.785 Executing VM operation: Cleanup
Event: 109.785 Executing VM operation: Cleanup done
Event: 110.796 Executing VM operation: Cleanup
Event: 110.796 Executing VM operation: Cleanup done
Event: 111.198 Executing VM operation: G1CollectForAllocation (G1 Evacuation Pause)
Event: 111.199 Executing VM operation: G1CollectForAllocation (G1 Evacuation Pause) done

Memory protections (0 events):
No events

Nmethod flushes (0 events):
No events

Events (20 events):
Event: 4.656 Thread 0x00000243c3b02810 Thread added: 0x00000243e74cb6a0
Event: 4.692 Thread 0x00000243e0a58200 Thread added: 0x00000243e7a026e0
Event: 4.705 Thread 0x00000243c3b02810 Thread exited: 0x00000243c3b02810
Event: 4.705 Thread 0x00000243e74cbd30 Thread added: 0x00000243e74cbd30
Event: 10.731 Thread 0x00000243e7a026e0 Thread exited: 0x00000243e7a026e0
Event: 10.731 Thread 0x00000243e0f68920 Thread exited: 0x00000243e0f68920
Event: 63.283 Thread 0x00000243e0a58200 Thread added: 0x00000243e0f6b110
Event: 63.680 Thread 0x00000243e0f6b110 Thread exited: 0x00000243e0f6b110
Event: 63.720 Thread 0x00000243e0a58200 Thread added: 0x00000243e6fab460
Event: 65.741 Thread 0x00000243e6fab460 Thread exited: 0x00000243e6fab460
Event: 99.442 Thread 0x00000243e0a58200 Thread added: 0x00000243e6c9c7c0
Event: 100.725 Thread 0x00000243e6c9c7c0 Thread exited: 0x00000243e6c9c7c0
Event: 100.986 Thread 0x00000243e0a58200 Thread added: 0x00000243e6860dd0
Event: 100.986 Thread 0x00000243e0a58200 Thread added: 0x00000243e6e423b0
Event: 102.264 Thread 0x00000243e6e423b0 Thread exited: 0x00000243e6e423b0
Event: 102.264 Thread 0x00000243e6860dd0 Thread exited: 0x00000243e6860dd0
Event: 103.837 Thread 0x00000243e0a55760 Thread added: 0x00000243e6e423b0
Event: 106.735 Thread 0x00000243e6e423b0 Thread exited: 0x00000243e6e423b0
Event: 107.852 Thread 0x00000243e0a55760 Thread added: 0x00000243e6e423b0
Event: 108.259 Thread 0x00000243e6e423b0 Thread exited: 0x00000243e6e423b0


Dynamic libraries:
0x00007ff7ed260000 - 0x00007ff7ed26e000 	D:\Uni\JER\Fase3\sts-4.27.0.RELEASE\plugins\org.eclipse.justj.openjdk.hotspot.jre.full.win32.x86_64_21.0.5.v20241023-1957\jre\bin\javaw.exe
0x00007ffa755f0000 - 0x00007ffa757e8000 	C:\Windows\SYSTEM32\ntdll.dll
0x00007ffa747b0000 - 0x00007ffa74872000 	C:\Windows\System32\KERNEL32.DLL
0x00007ffa72d90000 - 0x00007ffa7308e000 	C:\Windows\System32\KERNELBASE.dll
0x00007ffa72c90000 - 0x00007ffa72d90000 	C:\Windows\System32\ucrtbase.dll
0x00007ffa4d810000 - 0x00007ffa4d828000 	D:\Uni\JER\Fase3\sts-4.27.0.RELEASE\plugins\org.eclipse.justj.openjdk.hotspot.jre.full.win32.x86_64_21.0.5.v20241023-1957\jre\bin\jli.dll
0x00007ffa4d7f0000 - 0x00007ffa4d80e000 	D:\Uni\JER\Fase3\sts-4.27.0.RELEASE\plugins\org.eclipse.justj.openjdk.hotspot.jre.full.win32.x86_64_21.0.5.v20241023-1957\jre\bin\VCRUNTIME140.dll
0x00007ffa74880000 - 0x00007ffa74a1d000 	C:\Windows\System32\USER32.dll
0x00007ffa73300000 - 0x00007ffa73322000 	C:\Windows\System32\win32u.dll
0x00007ffa575e0000 - 0x00007ffa5787a000 	C:\Windows\WinSxS\amd64_microsoft.windows.common-controls_6595b64144ccf1df_6.0.19041.4355_none_60b8b9eb71f62e16\COMCTL32.dll
0x00007ffa73cc0000 - 0x00007ffa73ceb000 	C:\Windows\System32\GDI32.dll
0x00007ffa73610000 - 0x00007ffa736ae000 	C:\Windows\System32\msvcrt.dll
0x00007ffa73140000 - 0x00007ffa73257000 	C:\Windows\System32\gdi32full.dll
0x00007ffa73260000 - 0x00007ffa732fd000 	C:\Windows\System32\msvcp_win.dll
0x00007ffa74c80000 - 0x00007ffa74caf000 	C:\Windows\System32\IMM32.DLL
0x00007ffa4ec90000 - 0x00007ffa4ec9c000 	D:\Uni\JER\Fase3\sts-4.27.0.RELEASE\plugins\org.eclipse.justj.openjdk.hotspot.jre.full.win32.x86_64_21.0.5.v20241023-1957\jre\bin\vcruntime140_1.dll
0x00007ffa4d760000 - 0x00007ffa4d7ed000 	D:\Uni\JER\Fase3\sts-4.27.0.RELEASE\plugins\org.eclipse.justj.openjdk.hotspot.jre.full.win32.x86_64_21.0.5.v20241023-1957\jre\bin\msvcp140.dll
0x00007ffa08290000 - 0x00007ffa0901f000 	D:\Uni\JER\Fase3\sts-4.27.0.RELEASE\plugins\org.eclipse.justj.openjdk.hotspot.jre.full.win32.x86_64_21.0.5.v20241023-1957\jre\bin\server\jvm.dll
0x00007ffa73780000 - 0x00007ffa73831000 	C:\Windows\System32\ADVAPI32.dll
0x00007ffa75500000 - 0x00007ffa7559f000 	C:\Windows\System32\sechost.dll
0x00007ffa74170000 - 0x00007ffa74293000 	C:\Windows\System32\RPCRT4.dll
0x00007ffa73330000 - 0x00007ffa73357000 	C:\Windows\System32\bcrypt.dll
0x00007ffa742a0000 - 0x00007ffa7430b000 	C:\Windows\System32\WS2_32.dll
0x00007ffa72a40000 - 0x00007ffa72a8b000 	C:\Windows\SYSTEM32\POWRPROF.dll
0x00007ffa5f270000 - 0x00007ffa5f297000 	C:\Windows\SYSTEM32\WINMM.dll
0x00007ffa6d370000 - 0x00007ffa6d37a000 	C:\Windows\SYSTEM32\VERSION.dll
0x00007ffa72a20000 - 0x00007ffa72a32000 	C:\Windows\SYSTEM32\UMPDC.dll
0x00007ffa70b30000 - 0x00007ffa70b42000 	C:\Windows\SYSTEM32\kernel.appcore.dll
0x00007ffa70090000 - 0x00007ffa7009a000 	D:\Uni\JER\Fase3\sts-4.27.0.RELEASE\plugins\org.eclipse.justj.openjdk.hotspot.jre.full.win32.x86_64_21.0.5.v20241023-1957\jre\bin\jimage.dll
0x00007ffa5e670000 - 0x00007ffa5e854000 	C:\Windows\SYSTEM32\DBGHELP.DLL
0x00007ffa45f80000 - 0x00007ffa45fb4000 	C:\Windows\SYSTEM32\dbgcore.DLL
0x00007ffa73580000 - 0x00007ffa73602000 	C:\Windows\System32\bcryptPrimitives.dll
0x00007ffa65df0000 - 0x00007ffa65e0f000 	D:\Uni\JER\Fase3\sts-4.27.0.RELEASE\plugins\org.eclipse.justj.openjdk.hotspot.jre.full.win32.x86_64_21.0.5.v20241023-1957\jre\bin\java.dll
0x00007ffa74d90000 - 0x00007ffa754fd000 	C:\Windows\System32\SHELL32.dll
0x00007ffa70d30000 - 0x00007ffa714d4000 	C:\Windows\SYSTEM32\windows.storage.dll
0x00007ffa743f0000 - 0x00007ffa74743000 	C:\Windows\System32\combase.dll
0x00007ffa725f0000 - 0x00007ffa7261e000 	C:\Windows\SYSTEM32\Wldp.dll
0x00007ffa736b0000 - 0x00007ffa7377d000 	C:\Windows\System32\OLEAUT32.dll
0x00007ffa73f10000 - 0x00007ffa73fbd000 	C:\Windows\System32\SHCORE.dll
0x00007ffa74cb0000 - 0x00007ffa74d05000 	C:\Windows\System32\shlwapi.dll
0x00007ffa72bc0000 - 0x00007ffa72be4000 	C:\Windows\SYSTEM32\profapi.dll
0x00007ffa4f0d0000 - 0x00007ffa4f0e8000 	D:\Uni\JER\Fase3\sts-4.27.0.RELEASE\plugins\org.eclipse.justj.openjdk.hotspot.jre.full.win32.x86_64_21.0.5.v20241023-1957\jre\bin\zip.dll
0x00007ffa65de0000 - 0x00007ffa65df0000 	D:\Uni\JER\Fase3\sts-4.27.0.RELEASE\plugins\org.eclipse.justj.openjdk.hotspot.jre.full.win32.x86_64_21.0.5.v20241023-1957\jre\bin\net.dll
0x00007ffa6c5b0000 - 0x00007ffa6c6bd000 	C:\Windows\SYSTEM32\WINHTTP.dll
0x00007ffa72350000 - 0x00007ffa723ba000 	C:\Windows\system32\mswsock.dll
0x00007ffa4ed10000 - 0x00007ffa4ed26000 	D:\Uni\JER\Fase3\sts-4.27.0.RELEASE\plugins\org.eclipse.justj.openjdk.hotspot.jre.full.win32.x86_64_21.0.5.v20241023-1957\jre\bin\nio.dll
0x00007ffa4eca0000 - 0x00007ffa4ecae000 	D:\Uni\JER\Fase3\sts-4.27.0.RELEASE\plugins\org.eclipse.justj.openjdk.hotspot.jre.full.win32.x86_64_21.0.5.v20241023-1957\jre\bin\sunmscapi.dll
0x00007ffa73420000 - 0x00007ffa7357c000 	C:\Windows\System32\CRYPT32.dll
0x00007ffa72660000 - 0x00007ffa72687000 	C:\Windows\SYSTEM32\ncrypt.dll
0x00007ffa72620000 - 0x00007ffa7265b000 	C:\Windows\SYSTEM32\NTASN1.dll
0x00007ffa72550000 - 0x00007ffa72568000 	C:\Windows\SYSTEM32\CRYPTSP.dll
0x00007ffa71c70000 - 0x00007ffa71ca4000 	C:\Windows\system32\rsaenh.dll
0x00007ffa72b40000 - 0x00007ffa72b6e000 	C:\Windows\SYSTEM32\USERENV.dll
0x00007ffa72540000 - 0x00007ffa7254c000 	C:\Windows\SYSTEM32\CRYPTBASE.dll
0x00007ffa72030000 - 0x00007ffa7206b000 	C:\Windows\SYSTEM32\IPHLPAPI.DLL
0x00007ffa755a0000 - 0x00007ffa755a8000 	C:\Windows\System32\NSI.dll
0x00007ffa4ef60000 - 0x00007ffa4ef6a000 	D:\Uni\JER\Fase3\sts-4.27.0.RELEASE\plugins\org.eclipse.justj.openjdk.hotspot.jre.full.win32.x86_64_21.0.5.v20241023-1957\jre\bin\management.dll
0x00007ffa4ec70000 - 0x00007ffa4ec7b000 	D:\Uni\JER\Fase3\sts-4.27.0.RELEASE\plugins\org.eclipse.justj.openjdk.hotspot.jre.full.win32.x86_64_21.0.5.v20241023-1957\jre\bin\management_ext.dll
0x00007ffa73cb0000 - 0x00007ffa73cb8000 	C:\Windows\System32\PSAPI.DLL
0x00007ffa53cc0000 - 0x00007ffa53cc9000 	D:\Uni\JER\Fase3\sts-4.27.0.RELEASE\plugins\org.eclipse.justj.openjdk.hotspot.jre.full.win32.x86_64_21.0.5.v20241023-1957\jre\bin\extnet.dll
0x00007ffa4f0a0000 - 0x00007ffa4f0a7000 	C:\Windows\system32\wshunix.dll

dbghelp: loaded successfully - version: 4.0.5 - missing functions: none
symbol engine: initialized successfully - sym options: 0x614 - pdb path: .;D:\Uni\JER\Fase3\sts-4.27.0.RELEASE\plugins\org.eclipse.justj.openjdk.hotspot.jre.full.win32.x86_64_21.0.5.v20241023-1957\jre\bin;C:\Windows\SYSTEM32;C:\Windows\WinSxS\amd64_microsoft.windows.common-controls_6595b64144ccf1df_6.0.19041.4355_none_60b8b9eb71f62e16;D:\Uni\JER\Fase3\sts-4.27.0.RELEASE\plugins\org.eclipse.justj.openjdk.hotspot.jre.full.win32.x86_64_21.0.5.v20241023-1957\jre\bin\server

VM Arguments:
jvm_args: -Dfile.encoding=UTF-8 -Dstdout.encoding=UTF-8 -Dstderr.encoding=UTF-8 -XX:+ShowCodeDetailsInExceptionMessages 
java_command: com.example.demo.LabRatsServerApplication
java_class_path (initial): D:\Uni\Jam Colonian't\JER-24-25\LabRatsServer\target\classes;C:\Users\Usuario\.m2\repository\org\springframework\boot\spring-boot-starter-web\3.4.0\spring-boot-starter-web-3.4.0.jar;C:\Users\Usuario\.m2\repository\org\springframework\boot\spring-boot-starter\3.4.0\spring-boot-starter-3.4.0.jar;C:\Users\Usuario\.m2\repository\org\springframework\boot\spring-boot\3.4.0\spring-boot-3.4.0.jar;C:\Users\Usuario\.m2\repository\org\springframework\boot\spring-boot-autoconfigure\3.4.0\spring-boot-autoconfigure-3.4.0.jar;C:\Users\Usuario\.m2\repository\org\springframework\boot\spring-boot-starter-logging\3.4.0\spring-boot-starter-logging-3.4.0.jar;C:\Users\Usuario\.m2\repository\ch\qos\logback\logback-classic\1.5.12\logback-classic-1.5.12.jar;C:\Users\Usuario\.m2\repository\ch\qos\logback\logback-core\1.5.12\logback-core-1.5.12.jar;C:\Users\Usuario\.m2\repository\org\apache\logging\log4j\log4j-to-slf4j\2.24.1\log4j-to-slf4j-2.24.1.jar;C:\Users\Usuario\.m2\repository\org\apache\logging\log4j\log4j-api\2.24.1\log4j-api-2.24.1.jar;C:\Users\Usuario\.m2\repository\org\slf4j\jul-to-slf4j\2.0.16\jul-to-slf4j-2.0.16.jar;C:\Users\Usuario\.m2\repository\jakarta\annotation\jakarta.annotation-api\2.1.1\jakarta.annotation-api-2.1.1.jar;C:\Users\Usuario\.m2\repository\org\yaml\snakeyaml\2.3\snakeyaml-2.3.jar;C:\Users\Usuario\.m2\repository\org\springframework\boot\spring-boot-starter-json\3.4.0\spring-boot-starter-json-3.4.0.jar;C:\Users\Usuario\.m2\repository\com\fasterxml\jackson\core\jackson-databind\2.18.1\jackson-databind-2.18.1.jar;C:\Users\Usuario\.m2\repository\com\fasterxml\jackson\core\jackson-annotations\2.18.1\jackson-annotations-2.18.1.jar;C:\Users\Usuario\.m2\repository\com\fasterxml\jackson\core\jackson-core\2.18.1\jackson-core-2.18.1.jar;C:\Users\Usuario\.m2\repository\com\fasterxml\jackson\datatype\jackson-datatype-jdk8\2.18.1\jackson-datatype-jdk8-2.18.1.jar;C:\Users\Usuario\.m2\repository\com\fasterxml\jackson\datatype\jackson-datatype-jsr310\2.18.1\jackson-datatype-jsr310-2.18.1.jar;C:\Users\Usuario\.m2\repository\com\fasterxml\jackson\module\jackson-module-parameter-names\2.18.1\jackson-module-parameter-names-2.18.1.jar;C:\Users\Usuario\.m2\repository\org\springframework\boot\spring-boot-starter-tomcat\3.4.0\spring-boot-starter-tomcat-3.4.0.jar;C:\Users\Usuario\.m2\repository\org\apache\tomcat\embed\tomcat-embed-core\10.1.33\tomcat-embed-core-10.1.33.jar;C:\Users\Usuario\.m2\repository\org\apache\tomcat\embed\tomcat-embed-el\10.1.33\tomcat-embed-el-10.1.33.jar;C:\Users\Usuario\.m2\repository\org\apache\tomcat\embed\tomcat-embed-websocket\10.1.33\tomcat-embed-websocket-10.1.33.jar;C:\Users\Usuario\.m2\repository\org\springframework\spring-web\6.2.0\spring-web-6.2.0.jar;C:\Users\Usuario\.m2\repository\org\springframework\spring-beans\6.2.0\spring-beans-6.2.0.jar;C:\Users\Usuario\.m2\repository\io\micrometer\micrometer-observation\1.14.1\micrometer-observation-1.14.1.jar;C:\Users\Usuario\.m2\repository\io\micrometer\micrometer-commons\1.14.1\micrometer-commons-1.14.1.jar;C:\Users\Usuario\.m2\repository\org\springframework\spring-webmvc\6.2.0\spring-webmvc-6.2.0.jar;C:\Users\Usuario\.m2\repository\org\springframework\spring-aop\6.2.0\spring-aop-6.2.0.jar;C:\Users\Usuario\.m2\repository\org\springframework\spring-context\6.2.0\spring-context-6.2.0.jar;C:\Users\Usuario\.m2\repository\org\springframework\spring-expression\6.2.0\spring-expression-6.2.0.jar;C:\Users\Usuario\.m2\repository\org\slf4j\slf4j-api\2.0.16\slf4j-api-2.0.16.jar;C:\Users\Usuario\.m2\repository\org\springframework\spring-core\6.2.0\spring-core-6.2.0.jar;C:\Users\Usuario\.m2\repository\org\springframework\spring-jcl\6.2.0\spring-jcl-6.2.0.jar
Launcher Type: SUN_STANDARD

[Global flags]
     intx CICompilerCount                          = 4                                         {product} {ergonomic}
     uint ConcGCThreads                            = 3                                         {product} {ergonomic}
     uint G1ConcRefinementThreads                  = 10                                        {product} {ergonomic}
   size_t G1HeapRegionSize                         = 2097152                                   {product} {ergonomic}
    uintx GCDrainStackTargetSize                   = 64                                        {product} {ergonomic}
   size_t InitialHeapSize                          = 268435456                                 {product} {ergonomic}
   size_t MarkStackSize                            = 4194304                                   {product} {ergonomic}
   size_t MaxHeapSize                              = 4276092928                                {product} {ergonomic}
   size_t MaxNewSize                               = 2564816896                                {product} {ergonomic}
   size_t MinHeapDeltaBytes                        = 2097152                                   {product} {ergonomic}
   size_t MinHeapSize                              = 8388608                                   {product} {ergonomic}
    uintx NonNMethodCodeHeapSize                   = 5839372                                {pd product} {ergonomic}
    uintx NonProfiledCodeHeapSize                  = 122909434                              {pd product} {ergonomic}
    uintx ProfiledCodeHeapSize                     = 122909434                              {pd product} {ergonomic}
    uintx ReservedCodeCacheSize                    = 251658240                              {pd product} {ergonomic}
     bool SegmentedCodeCache                       = true                                      {product} {ergonomic}
     bool ShowCodeDetailsInExceptionMessages       = true                                   {manageable} {command line}
   size_t SoftMaxHeapSize                          = 4276092928                             {manageable} {ergonomic}
     bool UseCompressedOops                        = true                           {product lp64_product} {ergonomic}
     bool UseG1GC                                  = true                                      {product} {ergonomic}
     bool UseLargePagesIndividualAllocation        = false                                  {pd product} {ergonomic}

Logging:
Log output configuration:
 #0: stdout all=warning uptime,level,tags foldmultilines=false
 #1: stderr all=off uptime,level,tags foldmultilines=false

Environment Variables:
PATH=D:/Uni/JER/Fase3/sts-4.27.0.RELEASE//plugins/org.eclipse.justj.openjdk.hotspot.jre.full.win32.x86_64_21.0.5.v20241023-1957/jre/bin/server;D:/Uni/JER/Fase3/sts-4.27.0.RELEASE//plugins/org.eclipse.justj.openjdk.hotspot.jre.full.win32.x86_64_21.0.5.v20241023-1957/jre/bin;C:\Program Files (x86)\Common Files\Oracle\Java\javapath;C:\Windows\system32;C:\Windows;C:\Windows\System32\Wbem;C:\Windows\System32\WindowsPowerShell\v1.0\;C:\Windows\System32\OpenSSH\;C:\Program Files (x86)\NVIDIA Corporation\PhysX\Common;C:\Program Files (x86)\Windows Kits\10\Windows Performance Toolkit\;D:\UNI\IG\Estudiando para el examen\cmake-3.28.1-windows-x86_64\bin;C:\Program Files\dotnet\;D:\UNI\Programas\runtime\win64;D:\UNI\Programas\bin;C:\Program Files\NVIDIA Corporation\NVIDIA app\NvDLISR;C:\Program Files\Calibre2\;C:\Program Files\Git\cmd;D:\Uni\JER\Practica2\Scripts\;D:\Uni\JER\Practica2\;C:\Users\Usuario\AppData\Local\Programs\Python\Launcher\;C:\Users\Usuario\AppData\Local\Microsoft\WindowsApps;D:\Programas\Microsoft VS Code\bin;C:\Users\Usuario\AppData\Local\GitHubDesktop\bin;C:\Users\Usuario\.dotnet\tools;D:\Uni\JER\Fase3\sts-4.27.0.RELEASE;
USERNAME=Usuario
OS=Windows_NT
PROCESSOR_IDENTIFIER=Intel64 Family 6 Model 158 Stepping 10, GenuineIntel
TMP=C:\Users\Usuario\AppData\Local\Temp
TEMP=C:\Users\Usuario\AppData\Local\Temp




Periodic native trim disabled

---------------  S Y S T E M  ---------------

OS:
 Windows 10 , 64 bit Build 19041 (10.0.19041.5198)
OS uptime: 0 days 0:54 hours

CPU: total 12 (initial active 12) (6 cores per cpu, 2 threads per core) family 6 model 158 stepping 10 microcode 0xb4, cx8, cmov, fxsr, ht, mmx, 3dnowpref, sse, sse2, sse3, ssse3, sse4.1, sse4.2, popcnt, lzcnt, tsc, tscinvbit, avx, avx2, aes, erms, clmul, bmi1, bmi2, rtm, adx, fma, vzeroupper, clflush, clflushopt, rdtscp, f16c
Processor Information for all 12 processors :
  Max Mhz: 3696, Current Mhz: 3696, Mhz Limit: 3696

Memory: 4k page, system-wide physical 16310M (2940M free)
TotalPageFile size 26993M (AvailPageFile size 5M)
current process WorkingSet (physical memory assigned to process): 192M, peak: 210M
current process commit charge ("private bytes"): 236M, peak: 423M

vm_info: OpenJDK 64-Bit Server VM (21.0.5+11-LTS) for windows-amd64 JRE (21.0.5+11-LTS), built on 2024-10-15T00:00:00Z by "admin" with MS VC++ 17.7 (VS2022)

END.
