#
# There is insufficient memory for the Java Runtime Environment to continue.
# Native memory allocation (malloc) failed to allocate 757872 bytes. Error detail: Chunk::new
# Possible reasons:
#   The system is out of physical RAM or swap space
#   This process is running with CompressedOops enabled, and the Java Heap may be blocking the growth of the native heap
# Possible solutions:
#   Reduce memory load on the system
#   Increase physical memory or swap space
#   Check if swap backing store is full
#   Decrease Java heap size (-Xmx/-Xms)
#   Decrease number of Java threads
#   Decrease Java thread stack sizes (-Xss)
#   Set larger code cache with -XX:ReservedCodeCacheSize=
#   JVM is running with Zero Based Compressed Oops mode in which the Java heap is
#     placed in the first 32GB address space. The Java Heap base address is the
#     maximum limit for the native heap growth. Please use -XX:HeapBaseMinAddress
#     to set the Java Heap base and to place the Java Heap above 32GB virtual address.
# This output file may be truncated or incomplete.
#
#  Out of Memory Error (arena.cpp:168), pid=15096, tid=14004
#
# JRE version: OpenJDK Runtime Environment Temurin-21.0.5+11 (21.0.5+11) (build 21.0.5+11-LTS)
# Java VM: OpenJDK 64-Bit Server VM Temurin-21.0.5+11 (21.0.5+11-LTS, mixed mode, sharing, tiered, compressed oops, compressed class ptrs, g1 gc, windows-amd64)
# No core dump will be written. Minidumps are not enabled by default on client versions of Windows
#

---------------  S U M M A R Y ------------

Command Line: -Dfile.encoding=UTF-8 -Dstdout.encoding=UTF-8 -Dstderr.encoding=UTF-8 -XX:+ShowCodeDetailsInExceptionMessages com.example.demo.LabRatsServerApplication

Host: Intel(R) Core(TM) i7-8700K CPU @ 3.70GHz, 12 cores, 15G,  Windows 10 , 64 bit Build 19041 (10.0.19041.5198)
Time: Tue Dec 17 17:07:43 2024 Romance Standard Time elapsed time: 136.634058 seconds (0d 0h 2m 16s)

---------------  T H R E A D  ---------------

Current thread (0x000001d334585de0):  JavaThread "C2 CompilerThread0" daemon [_thread_in_native, id=14004, stack(0x0000005cb2300000,0x0000005cb2400000) (1024K)]


Current CompileTask:
C2:136634 7436   !   4       org.springframework.web.servlet.mvc.method.annotation.AbstractMessageConverterMethodProcessor::addContentDispositionHeader (203 bytes)

Stack: [0x0000005cb2300000,0x0000005cb2400000]
Native frames: (J=compiled Java code, j=interpreted, Vv=VM code, C=native code)
V  [jvm.dll+0x6cd4e9]
V  [jvm.dll+0x8a7941]
V  [jvm.dll+0x8a9e6e]
V  [jvm.dll+0x8aa543]
V  [jvm.dll+0x27f6d6]
V  [jvm.dll+0xc500d]
V  [jvm.dll+0xc5543]
V  [jvm.dll+0x3b660c]
V  [jvm.dll+0x382835]
V  [jvm.dll+0x381c9a]
V  [jvm.dll+0x2479d0]
V  [jvm.dll+0x246faf]
V  [jvm.dll+0x1c75ce]
V  [jvm.dll+0x25682a]
V  [jvm.dll+0x254dca]
V  [jvm.dll+0x3f00d6]
V  [jvm.dll+0x8514fb]
V  [jvm.dll+0x6cbbed]
C  [ucrtbase.dll+0x21bb2]
C  [KERNEL32.DLL+0x17374]
C  [ntdll.dll+0x4cc91]


---------------  P R O C E S S  ---------------

Threads class SMR info:
_java_thread_list=0x000001d37a407040, length=26, elements={
0x000001d33457c620, 0x000001d33457d270, 0x000001d33457f150, 0x000001d334581bb0,
0x000001d334582600, 0x000001d334585060, 0x000001d334585de0, 0x000001d3346f0000,
0x000001d3347d2860, 0x000001d3347d54a0, 0x000001d37c203120, 0x000001d37ad57390,
0x000001d37c090dc0, 0x000001d37bfbaa40, 0x000001d37c734f30, 0x000001d37bcfa2c0,
0x000001d37bcfa920, 0x000001d37c5cef30, 0x000001d37bf71370, 0x000001d37bf71a00,
0x000001d37bf74160, 0x000001d37bf72720, 0x000001d37bf72090, 0x000001d37bf72db0,
0x000001d37bf747f0, 0x000001d37bf73440
}

Java Threads: ( => current thread )
  0x000001d33457c620 JavaThread "Reference Handler"          daemon [_thread_blocked, id=9528, stack(0x0000005cb1d00000,0x0000005cb1e00000) (1024K)]
  0x000001d33457d270 JavaThread "Finalizer"                  daemon [_thread_blocked, id=4708, stack(0x0000005cb1e00000,0x0000005cb1f00000) (1024K)]
  0x000001d33457f150 JavaThread "Signal Dispatcher"          daemon [_thread_blocked, id=3736, stack(0x0000005cb1f00000,0x0000005cb2000000) (1024K)]
  0x000001d334581bb0 JavaThread "Attach Listener"            daemon [_thread_blocked, id=3632, stack(0x0000005cb2000000,0x0000005cb2100000) (1024K)]
  0x000001d334582600 JavaThread "Service Thread"             daemon [_thread_blocked, id=15004, stack(0x0000005cb2100000,0x0000005cb2200000) (1024K)]
  0x000001d334585060 JavaThread "Monitor Deflation Thread"   daemon [_thread_blocked, id=13992, stack(0x0000005cb2200000,0x0000005cb2300000) (1024K)]
=>0x000001d334585de0 JavaThread "C2 CompilerThread0"         daemon [_thread_in_native, id=14004, stack(0x0000005cb2300000,0x0000005cb2400000) (1024K)]
  0x000001d3346f0000 JavaThread "C1 CompilerThread0"         daemon [_thread_blocked, id=5336, stack(0x0000005cb2400000,0x0000005cb2500000) (1024K)]
  0x000001d3347d2860 JavaThread "Notification Thread"        daemon [_thread_blocked, id=15108, stack(0x0000005cb2500000,0x0000005cb2600000) (1024K)]
  0x000001d3347d54a0 JavaThread "Common-Cleaner"             daemon [_thread_blocked, id=1884, stack(0x0000005cb2600000,0x0000005cb2700000) (1024K)]
  0x000001d37c203120 JavaThread "Catalina-utility-1"                [_thread_blocked, id=10592, stack(0x0000005cb3400000,0x0000005cb3500000) (1024K)]
  0x000001d37ad57390 JavaThread "Catalina-utility-2"                [_thread_blocked, id=14688, stack(0x0000005cb3500000,0x0000005cb3600000) (1024K)]
  0x000001d37c090dc0 JavaThread "container-0"                       [_thread_blocked, id=12604, stack(0x0000005cb3600000,0x0000005cb3700000) (1024K)]
  0x000001d37bfbaa40 JavaThread "http-nio-8080-exec-1"       daemon [_thread_blocked, id=14044, stack(0x0000005cb3200000,0x0000005cb3300000) (1024K)]
  0x000001d37c734f30 JavaThread "http-nio-8080-exec-2"       daemon [_thread_blocked, id=11160, stack(0x0000005cb3700000,0x0000005cb3800000) (1024K)]
  0x000001d37bcfa2c0 JavaThread "http-nio-8080-exec-3"       daemon [_thread_in_Java, id=14836, stack(0x0000005cb3800000,0x0000005cb3900000) (1024K)]
  0x000001d37bcfa920 JavaThread "http-nio-8080-exec-4"       daemon [_thread_in_native, id=15312, stack(0x0000005cb3900000,0x0000005cb3a00000) (1024K)]
  0x000001d37c5cef30 JavaThread "http-nio-8080-exec-5"       daemon [_thread_blocked, id=264, stack(0x0000005cb3a00000,0x0000005cb3b00000) (1024K)]
  0x000001d37bf71370 JavaThread "http-nio-8080-exec-6"       daemon [_thread_blocked, id=8876, stack(0x0000005cb3b00000,0x0000005cb3c00000) (1024K)]
  0x000001d37bf71a00 JavaThread "http-nio-8080-exec-7"       daemon [_thread_blocked, id=4948, stack(0x0000005cb3c00000,0x0000005cb3d00000) (1024K)]
  0x000001d37bf74160 JavaThread "http-nio-8080-exec-8"       daemon [_thread_blocked, id=11360, stack(0x0000005cb3d00000,0x0000005cb3e00000) (1024K)]
  0x000001d37bf72720 JavaThread "http-nio-8080-exec-9"       daemon [_thread_in_Java, id=14696, stack(0x0000005cb3e00000,0x0000005cb3f00000) (1024K)]
  0x000001d37bf72090 JavaThread "http-nio-8080-exec-10"      daemon [_thread_blocked, id=10372, stack(0x0000005cb3f00000,0x0000005cb4000000) (1024K)]
  0x000001d37bf72db0 JavaThread "http-nio-8080-Poller"       daemon [_thread_in_native, id=14396, stack(0x0000005cb4000000,0x0000005cb4100000) (1024K)]
  0x000001d37bf747f0 JavaThread "http-nio-8080-Acceptor"     daemon [_thread_in_native, id=13572, stack(0x0000005cb4100000,0x0000005cb4200000) (1024K)]
  0x000001d37bf73440 JavaThread "DestroyJavaVM"                     [_thread_blocked, id=15204, stack(0x0000005cb1500000,0x0000005cb1600000) (1024K)]
Total: 26

Other Threads:
  0x000001d334559870 VMThread "VM Thread"                           [id=1784, stack(0x0000005cb1c00000,0x0000005cb1d00000) (1024K)]
  0x000001d334546e40 WatcherThread "VM Periodic Task Thread"        [id=14288, stack(0x0000005cb1b00000,0x0000005cb1c00000) (1024K)]
  0x000001d317971090 WorkerThread "GC Thread#0"                     [id=10928, stack(0x0000005cb1600000,0x0000005cb1700000) (1024K)]
  0x000001d37a6ac410 WorkerThread "GC Thread#1"                     [id=13944, stack(0x0000005cb2800000,0x0000005cb2900000) (1024K)]
  0x000001d37a6ac7b0 WorkerThread "GC Thread#2"                     [id=4156, stack(0x0000005cb2900000,0x0000005cb2a00000) (1024K)]
  0x000001d37a1af3b0 WorkerThread "GC Thread#3"                     [id=11756, stack(0x0000005cb2a00000,0x0000005cb2b00000) (1024K)]
  0x000001d37a1af750 WorkerThread "GC Thread#4"                     [id=15256, stack(0x0000005cb2b00000,0x0000005cb2c00000) (1024K)]
  0x000001d37a1afaf0 WorkerThread "GC Thread#5"                     [id=13516, stack(0x0000005cb2c00000,0x0000005cb2d00000) (1024K)]
  0x000001d37a977390 WorkerThread "GC Thread#6"                     [id=14756, stack(0x0000005cb2e00000,0x0000005cb2f00000) (1024K)]
  0x000001d37a9f7870 WorkerThread "GC Thread#7"                     [id=6260, stack(0x0000005cb2f00000,0x0000005cb3000000) (1024K)]
  0x000001d37a9f7c10 WorkerThread "GC Thread#8"                     [id=1920, stack(0x0000005cb3000000,0x0000005cb3100000) (1024K)]
  0x000001d37a9f83c0 WorkerThread "GC Thread#9"                     [id=9868, stack(0x0000005cb3100000,0x0000005cb3200000) (1024K)]
  0x000001d317981f50 ConcurrentGCThread "G1 Main Marker"            [id=13560, stack(0x0000005cb1700000,0x0000005cb1800000) (1024K)]
  0x000001d317983260 WorkerThread "G1 Conc#0"                       [id=4628, stack(0x0000005cb1800000,0x0000005cb1900000) (1024K)]
  0x000001d37ba9b4e0 WorkerThread "G1 Conc#1"                       [id=14784, stack(0x0000005cb2d00000,0x0000005cb2e00000) (1024K)]
  0x000001d37ba9ada0 WorkerThread "G1 Conc#2"                       [id=14312, stack(0x0000005cb3300000,0x0000005cb3400000) (1024K)]
  0x000001d3344055a0 ConcurrentGCThread "G1 Refine#0"               [id=7880, stack(0x0000005cb1900000,0x0000005cb1a00000) (1024K)]
  0x000001d334406110 ConcurrentGCThread "G1 Service"                [id=1108, stack(0x0000005cb1a00000,0x0000005cb1b00000) (1024K)]
Total: 18

Threads with active compile tasks:
C2 CompilerThread0  136669 7436   !   4       org.springframework.web.servlet.mvc.method.annotation.AbstractMessageConverterMethodProcessor::addContentDispositionHeader (203 bytes)
Total: 1

VM state: not at safepoint (normal execution)

VM Mutex/Monitor currently owned by a thread: None

Heap address: 0x0000000701200000, size: 4078 MB, Compressed Oops mode: Zero based, Oop shift amount: 3

CDS archive(s) mapped at: [0x000001d335000000-0x000001d335c80000-0x000001d335c80000), size 13107200, SharedBaseAddress: 0x000001d335000000, ArchiveRelocationMode: 1.
Compressed class space mapped at: 0x000001d336000000-0x000001d376000000, reserved size: 1073741824
Narrow klass base: 0x000001d335000000, Narrow klass shift: 0, Narrow klass range: 0x100000000

GC Precious Log:
 CardTable entry size: 512
 Card Set container configuration: InlinePtr #cards 4 size 8 Array Of Cards #cards 16 size 48 Howl #buckets 8 coarsen threshold 3686 Howl Bitmap #cards 512 size 80 coarsen threshold 460 Card regions per heap region 1 cards per card region 4096
 CPUs: 12 total, 12 available
 Memory: 16310M
 Large Page Support: Disabled
 NUMA Support: Disabled
 Compressed Oops: Enabled (Zero based)
 Heap Region Size: 2M
 Heap Min Capacity: 8M
 Heap Initial Capacity: 256M
 Heap Max Capacity: 4078M
 Pre-touch: Disabled
 Parallel Workers: 10
 Concurrent Workers: 3
 Concurrent Refinement Workers: 10
 Periodic GC: Disabled

Heap:
 garbage-first heap   total 51200K, used 28276K [0x0000000701200000, 0x0000000800000000)
  region size 2048K, 8 young (16384K), 1 survivors (2048K)
 Metaspace       used 34664K, committed 35264K, reserved 1114112K
  class space    used 4020K, committed 4288K, reserved 1048576K

Heap Regions: E=young(eden), S=young(survivor), O=old, HS=humongous(starts), HC=humongous(continues), CS=collection set, F=free, TAMS=top-at-mark-start, PB=parsable bottom
|   0|0x0000000701200000, 0x0000000701400000, 0x0000000701400000|100%| O|  |TAMS 0x0000000701200000| PB 0x0000000701200000| Untracked 
|   1|0x0000000701400000, 0x0000000701600000, 0x0000000701600000|100%| O|  |TAMS 0x0000000701400000| PB 0x0000000701400000| Untracked 
|   2|0x0000000701600000, 0x00000007016be5a0, 0x0000000701800000| 37%| O|  |TAMS 0x0000000701600000| PB 0x0000000701600000| Untracked 
|   3|0x0000000701800000, 0x0000000701a00000, 0x0000000701a00000|100%| O|  |TAMS 0x0000000701800000| PB 0x0000000701800000| Untracked 
|   4|0x0000000701a00000, 0x0000000701c00000, 0x0000000701c00000|100%| O|  |TAMS 0x0000000701a00000| PB 0x0000000701a00000| Untracked 
|   5|0x0000000701c00000, 0x0000000701e00000, 0x0000000701e00000|100%| O|  |TAMS 0x0000000701c00000| PB 0x0000000701c00000| Untracked 
|   6|0x0000000701e00000, 0x0000000702000000, 0x0000000702000000|100%| O|  |TAMS 0x0000000701e00000| PB 0x0000000701e00000| Untracked 
|   7|0x0000000702000000, 0x0000000702200000, 0x0000000702200000|100%| O|  |TAMS 0x0000000702000000| PB 0x0000000702000000| Untracked 
|   8|0x0000000702200000, 0x0000000702200000, 0x0000000702400000|  0%| F|  |TAMS 0x0000000702200000| PB 0x0000000702200000| Untracked 
|   9|0x0000000702400000, 0x0000000702400000, 0x0000000702600000|  0%| F|  |TAMS 0x0000000702400000| PB 0x0000000702400000| Untracked 
|  10|0x0000000702600000, 0x00000007026dec60, 0x0000000702800000| 43%| S|CS|TAMS 0x0000000702600000| PB 0x0000000702600000| Complete 
|  11|0x0000000702800000, 0x0000000702800000, 0x0000000702a00000|  0%| F|  |TAMS 0x0000000702800000| PB 0x0000000702800000| Untracked 
|  12|0x0000000702a00000, 0x0000000702a00000, 0x0000000702c00000|  0%| F|  |TAMS 0x0000000702a00000| PB 0x0000000702a00000| Untracked 
|  13|0x0000000702c00000, 0x0000000702c00000, 0x0000000702e00000|  0%| F|  |TAMS 0x0000000702c00000| PB 0x0000000702c00000| Untracked 
|  14|0x0000000702e00000, 0x0000000702e00000, 0x0000000703000000|  0%| F|  |TAMS 0x0000000702e00000| PB 0x0000000702e00000| Untracked 
|  15|0x0000000703000000, 0x0000000703000000, 0x0000000703200000|  0%| F|  |TAMS 0x0000000703000000| PB 0x0000000703000000| Untracked 
|  16|0x0000000703200000, 0x0000000703200000, 0x0000000703400000|  0%| F|  |TAMS 0x0000000703200000| PB 0x0000000703200000| Untracked 
|  17|0x0000000703400000, 0x0000000703400000, 0x0000000703600000|  0%| F|  |TAMS 0x0000000703400000| PB 0x0000000703400000| Untracked 
|  18|0x0000000703600000, 0x00000007036bae78, 0x0000000703800000| 36%| E|  |TAMS 0x0000000703600000| PB 0x0000000703600000| Complete 
|  19|0x0000000703800000, 0x0000000703a00000, 0x0000000703a00000|100%| E|CS|TAMS 0x0000000703800000| PB 0x0000000703800000| Complete 
|  20|0x0000000703a00000, 0x0000000703c00000, 0x0000000703c00000|100%| E|CS|TAMS 0x0000000703a00000| PB 0x0000000703a00000| Complete 
| 105|0x000000070e400000, 0x000000070e600000, 0x000000070e600000|100%| E|CS|TAMS 0x000000070e400000| PB 0x000000070e400000| Complete 
| 106|0x000000070e600000, 0x000000070e800000, 0x000000070e800000|100%| E|CS|TAMS 0x000000070e600000| PB 0x000000070e600000| Complete 
| 107|0x000000070e800000, 0x000000070ea00000, 0x000000070ea00000|100%| E|CS|TAMS 0x000000070e800000| PB 0x000000070e800000| Complete 
| 127|0x0000000711000000, 0x0000000711200000, 0x0000000711200000|100%| E|CS|TAMS 0x0000000711000000| PB 0x0000000711000000| Complete 

Card table byte_map: [0x000001d32d0b0000,0x000001d32d8b0000] _byte_map_base: 0x000001d3298a7000

Marking Bits: (CMBitMap*) 0x000001d317971790
 Bits: [0x000001d32d8b0000, 0x000001d331868000)

Polling page: 0x000001d3179d0000

Metaspace:

Usage:
  Non-class:     29.93 MB used.
      Class:      3.93 MB used.
       Both:     33.85 MB used.

Virtual space:
  Non-class space:       64.00 MB reserved,      30.25 MB ( 47%) committed,  1 nodes.
      Class space:        1.00 GB reserved,       4.19 MB ( <1%) committed,  1 nodes.
             Both:        1.06 GB reserved,      34.44 MB (  3%) committed. 

Chunk freelists:
   Non-Class:  1.41 MB
       Class:  11.73 MB
        Both:  13.13 MB

MaxMetaspaceSize: unlimited
CompressedClassSpaceSize: 1.00 GB
Initial GC threshold: 21.00 MB
Current GC threshold: 35.31 MB
CDS: on
 - commit_granule_bytes: 65536.
 - commit_granule_words: 8192.
 - virtual_space_node_default_size: 8388608.
 - enlarge_chunks_in_place: 1.
 - use_allocation_guard: 0.


Internal statistics:

num_allocs_failed_limit: 3.
num_arena_births: 786.
num_arena_deaths: 0.
num_vsnodes_births: 2.
num_vsnodes_deaths: 0.
num_space_committed: 551.
num_space_uncommitted: 0.
num_chunks_returned_to_freelist: 3.
num_chunks_taken_from_freelist: 2079.
num_chunk_merges: 3.
num_chunk_splits: 1378.
num_chunks_enlarged: 959.
num_inconsistent_stats: 0.

CodeHeap 'non-profiled nmethods': size=120000Kb used=7049Kb max_used=7049Kb free=112950Kb
 bounds [0x000001d324700000, 0x000001d324df0000, 0x000001d32bc30000]
CodeHeap 'profiled nmethods': size=120000Kb used=15561Kb max_used=15561Kb free=104438Kb
 bounds [0x000001d31cc30000, 0x000001d31db70000, 0x000001d324160000]
CodeHeap 'non-nmethods': size=5760Kb used=1523Kb max_used=1617Kb free=4236Kb
 bounds [0x000001d324160000, 0x000001d3243d0000, 0x000001d324700000]
 total_blobs=8030 nmethods=7435 adapters=498
 compilation: enabled
              stopped_count=0, restarted_count=0
 full_count=0

Compilation events (20 events):
Event: 136.431 Thread 0x000001d334585de0 nmethod 7426 0x000001d324dd8d10 code [0x000001d324dd8f20, 0x000001d324dd9d48]
Event: 136.459 Thread 0x000001d334585de0 7427   !   4       org.apache.catalina.core.StandardContext::getResources (38 bytes)
Event: 136.469 Thread 0x000001d334585de0 nmethod 7427 0x000001d324dda390 code [0x000001d324dda5c0, 0x000001d324ddaec8]
Event: 136.471 Thread 0x000001d334585de0 7428       4       org.springframework.web.method.annotation.ModelFactory::findSessionAttributeArguments (88 bytes)
Event: 136.482 Thread 0x000001d334585de0 nmethod 7428 0x000001d324ddb610 code [0x000001d324ddb860, 0x000001d324ddc100]
Event: 136.483 Thread 0x000001d334585de0 7429       4       org.apache.catalina.core.ApplicationContextFacade::getResourceAsStream (33 bytes)
Event: 136.499 Thread 0x000001d334585de0 nmethod 7429 0x000001d324ddc810 code [0x000001d324ddcac0, 0x000001d324ddd798]
Event: 136.500 Thread 0x000001d334585de0 7430       4       org.apache.catalina.core.ApplicationContext::getResourceAsStream (54 bytes)
Event: 136.514 Thread 0x000001d334585de0 nmethod 7430 0x000001d324dde390 code [0x000001d324dde640, 0x000001d324ddf320]
Event: 136.514 Thread 0x000001d334585de0 7432       4       org.springframework.web.servlet.mvc.method.annotation.ViewMethodReturnValueHandler::supportsReturnType (10 bytes)
Event: 136.515 Thread 0x000001d334585de0 nmethod 7432 0x000001d324ddfe90 code [0x000001d324de0020, 0x000001d324de0160]
Event: 136.515 Thread 0x000001d334585de0 7433       4       org.springframework.web.method.annotation.ModelMethodProcessor::supportsReturnType (10 bytes)
Event: 136.516 Thread 0x000001d334585de0 nmethod 7433 0x000001d324de0290 code [0x000001d324de0420, 0x000001d324de0560]
Event: 136.516 Thread 0x000001d334585de0 7431   !   4       org.apache.tomcat.util.buf.UDecoder::URLDecode (260 bytes)
Event: 136.517 Thread 0x000001d334585de0 nmethod 7431 0x000001d324de0690 code [0x000001d324de0820, 0x000001d324de0a38]
Event: 136.520 Thread 0x000001d334585de0 7434       4       org.springframework.web.servlet.mvc.method.annotation.HttpEntityMethodProcessor::supportsReturnType (47 bytes)
Event: 136.521 Thread 0x000001d334585de0 nmethod 7434 0x000001d324de0c10 code [0x000001d324de0dc0, 0x000001d324de0f18]
Event: 136.525 Thread 0x000001d334585de0 7435   !   4       org.apache.catalina.util.URLEncoder::encode (238 bytes)
Event: 136.570 Thread 0x000001d334585de0 nmethod 7435 0x000001d324de1090 code [0x000001d324de1260, 0x000001d324de1940]
Event: 136.570 Thread 0x000001d334585de0 7436   !   4       org.springframework.web.servlet.mvc.method.annotation.AbstractMessageConverterMethodProcessor::addContentDispositionHeader (203 bytes)

GC Heap History (20 events):
Event: 38.234 GC heap before
{Heap before GC invocations=6 (full 0):
 garbage-first heap   total 51200K, used 37796K [0x0000000701200000, 0x0000000800000000)
  region size 2048K, 13 young (26624K), 2 survivors (4096K)
 Metaspace       used 34147K, committed 34688K, reserved 1114112K
  class space    used 4018K, committed 4288K, reserved 1048576K
}
Event: 38.247 GC heap after
{Heap after GC invocations=7 (full 0):
 garbage-first heap   total 51200K, used 16048K [0x0000000701200000, 0x0000000800000000)
  region size 2048K, 1 young (2048K), 1 survivors (2048K)
 Metaspace       used 34147K, committed 34688K, reserved 1114112K
  class space    used 4018K, committed 4288K, reserved 1048576K
}
Event: 40.229 GC heap before
{Heap before GC invocations=7 (full 0):
 garbage-first heap   total 51200K, used 40624K [0x0000000701200000, 0x0000000800000000)
  region size 2048K, 13 young (26624K), 1 survivors (2048K)
 Metaspace       used 34637K, committed 35264K, reserved 1114112K
  class space    used 4018K, committed 4288K, reserved 1048576K
}
Event: 40.230 GC heap after
{Heap after GC invocations=8 (full 0):
 garbage-first heap   total 51200K, used 16018K [0x0000000701200000, 0x0000000800000000)
  region size 2048K, 1 young (2048K), 1 survivors (2048K)
 Metaspace       used 34637K, committed 35264K, reserved 1114112K
  class space    used 4018K, committed 4288K, reserved 1048576K
}
Event: 41.341 GC heap before
{Heap before GC invocations=8 (full 0):
 garbage-first heap   total 51200K, used 40594K [0x0000000701200000, 0x0000000800000000)
  region size 2048K, 13 young (26624K), 1 survivors (2048K)
 Metaspace       used 34638K, committed 35264K, reserved 1114112K
  class space    used 4018K, committed 4288K, reserved 1048576K
}
Event: 41.342 GC heap after
{Heap after GC invocations=9 (full 0):
 garbage-first heap   total 51200K, used 15947K [0x0000000701200000, 0x0000000800000000)
  region size 2048K, 1 young (2048K), 1 survivors (2048K)
 Metaspace       used 34638K, committed 35264K, reserved 1114112K
  class space    used 4018K, committed 4288K, reserved 1048576K
}
Event: 43.156 GC heap before
{Heap before GC invocations=9 (full 0):
 garbage-first heap   total 51200K, used 42571K [0x0000000701200000, 0x0000000800000000)
  region size 2048K, 14 young (28672K), 1 survivors (2048K)
 Metaspace       used 34647K, committed 35264K, reserved 1114112K
  class space    used 4019K, committed 4288K, reserved 1048576K
}
Event: 43.157 GC heap after
{Heap after GC invocations=10 (full 0):
 garbage-first heap   total 51200K, used 15927K [0x0000000701200000, 0x0000000800000000)
  region size 2048K, 1 young (2048K), 1 survivors (2048K)
 Metaspace       used 34647K, committed 35264K, reserved 1114112K
  class space    used 4019K, committed 4288K, reserved 1048576K
}
Event: 44.249 GC heap before
{Heap before GC invocations=10 (full 0):
 garbage-first heap   total 51200K, used 42551K [0x0000000701200000, 0x0000000800000000)
  region size 2048K, 14 young (28672K), 1 survivors (2048K)
 Metaspace       used 34648K, committed 35264K, reserved 1114112K
  class space    used 4019K, committed 4288K, reserved 1048576K
}
Event: 44.250 GC heap after
{Heap after GC invocations=11 (full 0):
 garbage-first heap   total 51200K, used 15975K [0x0000000701200000, 0x0000000800000000)
  region size 2048K, 1 young (2048K), 1 survivors (2048K)
 Metaspace       used 34648K, committed 35264K, reserved 1114112K
  class space    used 4019K, committed 4288K, reserved 1048576K
}
Event: 45.133 GC heap before
{Heap before GC invocations=11 (full 0):
 garbage-first heap   total 51200K, used 42599K [0x0000000701200000, 0x0000000800000000)
  region size 2048K, 14 young (28672K), 1 survivors (2048K)
 Metaspace       used 34651K, committed 35264K, reserved 1114112K
  class space    used 4019K, committed 4288K, reserved 1048576K
}
Event: 45.135 GC heap after
{Heap after GC invocations=12 (full 0):
 garbage-first heap   total 51200K, used 15961K [0x0000000701200000, 0x0000000800000000)
  region size 2048K, 1 young (2048K), 1 survivors (2048K)
 Metaspace       used 34651K, committed 35264K, reserved 1114112K
  class space    used 4019K, committed 4288K, reserved 1048576K
}
Event: 130.580 GC heap before
{Heap before GC invocations=12 (full 0):
 garbage-first heap   total 51200K, used 42585K [0x0000000701200000, 0x0000000800000000)
  region size 2048K, 14 young (28672K), 1 survivors (2048K)
 Metaspace       used 34657K, committed 35264K, reserved 1114112K
  class space    used 4020K, committed 4288K, reserved 1048576K
}
Event: 130.581 GC heap after
{Heap after GC invocations=13 (full 0):
 garbage-first heap   total 51200K, used 15969K [0x0000000701200000, 0x0000000800000000)
  region size 2048K, 1 young (2048K), 1 survivors (2048K)
 Metaspace       used 34657K, committed 35264K, reserved 1114112K
  class space    used 4020K, committed 4288K, reserved 1048576K
}
Event: 131.824 GC heap before
{Heap before GC invocations=13 (full 0):
 garbage-first heap   total 51200K, used 42593K [0x0000000701200000, 0x0000000800000000)
  region size 2048K, 14 young (28672K), 1 survivors (2048K)
 Metaspace       used 34657K, committed 35264K, reserved 1114112K
  class space    used 4020K, committed 4288K, reserved 1048576K
}
Event: 131.825 GC heap after
{Heap after GC invocations=14 (full 0):
 garbage-first heap   total 51200K, used 15981K [0x0000000701200000, 0x0000000800000000)
  region size 2048K, 1 young (2048K), 1 survivors (2048K)
 Metaspace       used 34657K, committed 35264K, reserved 1114112K
  class space    used 4020K, committed 4288K, reserved 1048576K
}
Event: 133.831 GC heap before
{Heap before GC invocations=14 (full 0):
 garbage-first heap   total 51200K, used 42605K [0x0000000701200000, 0x0000000800000000)
  region size 2048K, 14 young (28672K), 1 survivors (2048K)
 Metaspace       used 34660K, committed 35264K, reserved 1114112K
  class space    used 4020K, committed 4288K, reserved 1048576K
}
Event: 133.832 GC heap after
{Heap after GC invocations=15 (full 0):
 garbage-first heap   total 51200K, used 15982K [0x0000000701200000, 0x0000000800000000)
  region size 2048K, 1 young (2048K), 1 survivors (2048K)
 Metaspace       used 34660K, committed 35264K, reserved 1114112K
  class space    used 4020K, committed 4288K, reserved 1048576K
}
Event: 136.160 GC heap before
{Heap before GC invocations=15 (full 0):
 garbage-first heap   total 51200K, used 42606K [0x0000000701200000, 0x0000000800000000)
  region size 2048K, 14 young (28672K), 1 survivors (2048K)
 Metaspace       used 34664K, committed 35264K, reserved 1114112K
  class space    used 4020K, committed 4288K, reserved 1048576K
}
Event: 136.165 GC heap after
{Heap after GC invocations=16 (full 0):
 garbage-first heap   total 51200K, used 15988K [0x0000000701200000, 0x0000000800000000)
  region size 2048K, 1 young (2048K), 1 survivors (2048K)
 Metaspace       used 34664K, committed 35264K, reserved 1114112K
  class space    used 4020K, committed 4288K, reserved 1048576K
}

Dll operation events (10 events):
Event: 0.007 Loaded shared library D:\Uni\JER\Fase3\sts-4.27.0.RELEASE\plugins\org.eclipse.justj.openjdk.hotspot.jre.full.win32.x86_64_21.0.5.v20241023-1957\jre\bin\java.dll
Event: 0.062 Loaded shared library D:\Uni\JER\Fase3\sts-4.27.0.RELEASE\plugins\org.eclipse.justj.openjdk.hotspot.jre.full.win32.x86_64_21.0.5.v20241023-1957\jre\bin\zip.dll
Event: 0.122 Loaded shared library D:\Uni\JER\Fase3\sts-4.27.0.RELEASE\plugins\org.eclipse.justj.openjdk.hotspot.jre.full.win32.x86_64_21.0.5.v20241023-1957\jre\bin\net.dll
Event: 0.124 Loaded shared library D:\Uni\JER\Fase3\sts-4.27.0.RELEASE\plugins\org.eclipse.justj.openjdk.hotspot.jre.full.win32.x86_64_21.0.5.v20241023-1957\jre\bin\nio.dll
Event: 0.127 Loaded shared library D:\Uni\JER\Fase3\sts-4.27.0.RELEASE\plugins\org.eclipse.justj.openjdk.hotspot.jre.full.win32.x86_64_21.0.5.v20241023-1957\jre\bin\zip.dll
Event: 0.253 Loaded shared library D:\Uni\JER\Fase3\sts-4.27.0.RELEASE\plugins\org.eclipse.justj.openjdk.hotspot.jre.full.win32.x86_64_21.0.5.v20241023-1957\jre\bin\jimage.dll
Event: 1.863 Loaded shared library D:\Uni\JER\Fase3\sts-4.27.0.RELEASE\plugins\org.eclipse.justj.openjdk.hotspot.jre.full.win32.x86_64_21.0.5.v20241023-1957\jre\bin\sunmscapi.dll
Event: 3.394 Loaded shared library D:\Uni\JER\Fase3\sts-4.27.0.RELEASE\plugins\org.eclipse.justj.openjdk.hotspot.jre.full.win32.x86_64_21.0.5.v20241023-1957\jre\bin\management.dll
Event: 3.396 Loaded shared library D:\Uni\JER\Fase3\sts-4.27.0.RELEASE\plugins\org.eclipse.justj.openjdk.hotspot.jre.full.win32.x86_64_21.0.5.v20241023-1957\jre\bin\management_ext.dll
Event: 4.608 Loaded shared library D:\Uni\JER\Fase3\sts-4.27.0.RELEASE\plugins\org.eclipse.justj.openjdk.hotspot.jre.full.win32.x86_64_21.0.5.v20241023-1957\jre\bin\extnet.dll

Deoptimization events (20 events):
Event: 134.414 Thread 0x000001d37bf74160 Uncommon trap: trap_request=0xffffff45 fr.pc=0x000001d324da8b64 relative=0x0000000000001584
Event: 134.414 Thread 0x000001d37bf74160 Uncommon trap: reason=unstable_if action=reinterpret pc=0x000001d324da8b64 method=sun.nio.ch.WEPollSelectorImpl.wakeup()Ljava/nio/channels/Selector; @ 11 c2
Event: 134.414 Thread 0x000001d37bf74160 DEOPT PACKING pc=0x000001d324da8b64 sp=0x0000005cb3dff1e0
Event: 134.414 Thread 0x000001d37bf74160 DEOPT UNPACKING pc=0x000001d3241b46a2 sp=0x0000005cb3dfefc0 mode 2
Event: 134.533 Thread 0x000001d37bf72090 Uncommon trap: trap_request=0xffffffbe fr.pc=0x000001d324bd4910 relative=0x0000000000001c50
Event: 134.533 Thread 0x000001d37bf72090 Uncommon trap: reason=profile_predicate action=maybe_recompile pc=0x000001d324bd4910 method=jdk.internal.math.FDBigInteger.cmp(Ljdk/internal/math/FDBigInteger;)I @ 48 c2
Event: 134.533 Thread 0x000001d37bf72090 DEOPT PACKING pc=0x000001d324bd4910 sp=0x0000005cb3ffc760
Event: 134.533 Thread 0x000001d37bf72090 DEOPT UNPACKING pc=0x000001d3241b46a2 sp=0x0000005cb3ffc5e0 mode 2
Event: 134.533 Thread 0x000001d37bf72090 Uncommon trap: trap_request=0xffffffbe fr.pc=0x000001d324be8f30 relative=0x0000000000001870
Event: 134.533 Thread 0x000001d37bf72090 Uncommon trap: reason=profile_predicate action=maybe_recompile pc=0x000001d324be8f30 method=org.springframework.web.servlet.mvc.method.annotation.AbstractMessageConverterMethodProcessor.getProducibleMediaTypes(Ljakarta/servlet/http/HttpServletRequest;Ljav
Event: 134.533 Thread 0x000001d37bf72090 DEOPT PACKING pc=0x000001d324be8f30 sp=0x0000005cb3ffd5e0
Event: 134.533 Thread 0x000001d37bf72090 DEOPT UNPACKING pc=0x000001d3241b46a2 sp=0x0000005cb3ffd5a8 mode 2
Event: 134.534 Thread 0x000001d37bf71a00 Uncommon trap: trap_request=0xffffffbe fr.pc=0x000001d324bd4910 relative=0x0000000000001c50
Event: 134.534 Thread 0x000001d37bf71a00 Uncommon trap: reason=profile_predicate action=maybe_recompile pc=0x000001d324bd4910 method=jdk.internal.math.FDBigInteger.cmp(Ljdk/internal/math/FDBigInteger;)I @ 48 c2
Event: 134.534 Thread 0x000001d37bf71a00 DEOPT PACKING pc=0x000001d324bd4910 sp=0x0000005cb3cfcb40
Event: 134.534 Thread 0x000001d37bf71a00 DEOPT UNPACKING pc=0x000001d3241b46a2 sp=0x0000005cb3cfc9c0 mode 2
Event: 134.534 Thread 0x000001d37bf71a00 Uncommon trap: trap_request=0xffffffbe fr.pc=0x000001d324be8f30 relative=0x0000000000001870
Event: 134.534 Thread 0x000001d37bf71a00 Uncommon trap: reason=profile_predicate action=maybe_recompile pc=0x000001d324be8f30 method=org.springframework.web.servlet.mvc.method.annotation.AbstractMessageConverterMethodProcessor.getProducibleMediaTypes(Ljakarta/servlet/http/HttpServletRequest;Ljav
Event: 134.534 Thread 0x000001d37bf71a00 DEOPT PACKING pc=0x000001d324be8f30 sp=0x0000005cb3cfd9c0
Event: 134.534 Thread 0x000001d37bf71a00 DEOPT UNPACKING pc=0x000001d3241b46a2 sp=0x0000005cb3cfd988 mode 2

Classes loaded (20 events):
Event: 17.392 Loading class java/util/OptionalLong
Event: 17.393 Loading class java/util/OptionalLong done
Event: 17.393 Loading class java/util/OptionalDouble
Event: 17.394 Loading class java/util/OptionalDouble done
Event: 17.434 Loading class org/w3c/dom/Node
Event: 17.435 Loading class org/w3c/dom/Node done
Event: 17.435 Loading class org/w3c/dom/Document
Event: 17.435 Loading class org/w3c/dom/Document done
Event: 17.654 Loading class java/util/stream/LongStream
Event: 17.654 Loading class java/util/stream/LongStream done
Event: 17.654 Loading class java/util/stream/DoubleStream
Event: 17.654 Loading class java/util/stream/DoubleStream done
Event: 19.619 Loading class jdk/internal/math/FDBigInteger
Event: 19.619 Loading class jdk/internal/math/FDBigInteger done
Event: 26.695 Loading class java/io/ObjectOutputStream
Event: 26.696 Loading class java/io/ObjectOutput
Event: 26.696 Loading class java/io/ObjectOutput done
Event: 26.696 Loading class java/io/ObjectOutputStream done
Event: 42.638 Loading class sun/util/locale/LocaleExtensions
Event: 42.726 Loading class sun/util/locale/LocaleExtensions done

Classes unloaded (0 events):
No events

Classes redefined (0 events):
No events

Internal exceptions (20 events):
Event: 3.468 Thread 0x000001d317723840 Exception <a 'java/lang/NoSuchMethodError'{0x000000070239d7b0}: 'long java.lang.invoke.DirectMethodHandle$Holder.invokeVirtual(java.lang.Object, java.lang.Object)'> (0x000000070239d7b0) 
thrown [s\src\hotspot\share\interpreter\linkResolver.cpp, line 773]
Event: 3.500 Thread 0x000001d317723840 Exception <a 'java/lang/NoSuchMethodError'{0x00000007020508f0}: 'void java.lang.invoke.Invokers$Holder.invokeExact_MT(java.lang.Object, java.lang.Object, java.lang.Object, java.lang.Object)'> (0x00000007020508f0) 
thrown [s\src\hotspot\share\interpreter\linkResolver.cpp, line 773]
Event: 4.158 Thread 0x000001d317723840 Exception <a 'java/lang/NoSuchMethodError'{0x0000000701c59f40}: 'java.lang.Object java.lang.invoke.DirectMethodHandle$Holder.newInvokeSpecial(java.lang.Object, java.lang.Object, java.lang.Object, java.lang.Object, java.lang.Object, java.lang.Object, java.lang.Object, java.lang.Object)'> (0x0000000701c59f40) 
thrown [s\src\hotspot\share\interpreter\linkResolver.cpp, line 773]
Event: 4.406 Thread 0x000001d317723840 Exception <a 'java/lang/IncompatibleClassChangeError'{0x000000070e841b98}: Found class java.lang.Object, but interface was expected> (0x000000070e841b98) 
thrown [s\src\hotspot\share\interpreter\linkResolver.cpp, line 840]
Event: 4.445 Thread 0x000001d317723840 Exception <a 'java/lang/NoSuchMethodError'{0x000000070e96e130}: 'void java.lang.invoke.DirectMethodHandle$Holder.invokeVirtual(java.lang.Object, java.lang.Object, long)'> (0x000000070e96e130) 
thrown [s\src\hotspot\share\interpreter\linkResolver.cpp, line 773]
Event: 4.507 Thread 0x000001d317723840 Exception <a 'java/lang/NoSuchMethodError'{0x000000070e790ce8}: 'int java.lang.invoke.DirectMethodHandle$Holder.invokeStaticInit(java.lang.Object, java.lang.Object, java.lang.Object, java.lang.Object)'> (0x000000070e790ce8) 
thrown [s\src\hotspot\share\interpreter\linkResolver.cpp, line 773]
Event: 4.600 Thread 0x000001d317723840 Exception <a 'java/lang/NoSuchMethodError'{0x0000000703057e48}: 'java.lang.Object java.lang.invoke.DirectMethodHandle$Holder.newInvokeSpecial(java.lang.Object, java.lang.Object, int, java.lang.Object, java.lang.Object)'> (0x0000000703057e48) 
thrown [s\src\hotspot\share\interpreter\linkResolver.cpp, line 773]
Event: 12.427 Thread 0x000001d37c5cef30 Exception <a 'java/lang/NoSuchMethodError'{0x0000000702d4a1c0}: 'java.lang.Object java.lang.invoke.DirectMethodHandle$Holder.invokeSpecial(java.lang.Object, java.lang.Object, java.lang.Object, java.lang.Object, java.lang.Object, long)'> (0x0000000702d4a1c0) 
thrown [s\src\hotspot\share\interpreter\linkResolver.cpp, line 773]
Event: 12.427 Thread 0x000001d37c5cef30 Exception <a 'java/lang/NoSuchMethodError'{0x0000000702d4d990}: 'java.lang.Object java.lang.invoke.Invokers$Holder.linkToTargetMethod(java.lang.Object, java.lang.Object, java.lang.Object, long, java.lang.Object)'> (0x0000000702d4d990) 
thrown [s\src\hotspot\share\interpreter\linkResolver.cpp, line 773]
Event: 12.516 Thread 0x000001d37c5cef30 Exception <a 'java/lang/NoSuchMethodError'{0x0000000702809688}: 'java.lang.Object java.lang.invoke.DirectMethodHandle$Holder.invokeStatic(java.lang.Object, int, int)'> (0x0000000702809688) 
thrown [s\src\hotspot\share\interpreter\linkResolver.cpp, line 773]
Event: 13.550 Thread 0x000001d37bcfa2c0 Implicit null exception at 0x000001d3248ed68a to 0x000001d3248ed710
Event: 18.927 Thread 0x000001d37bcfa2c0 Exception <a 'java/lang/NoSuchMethodError'{0x000000070e7a04a8}: 'double java.lang.invoke.DirectMethodHandle$Holder.invokeVirtual(java.lang.Object, java.lang.Object)'> (0x000000070e7a04a8) 
thrown [s\src\hotspot\share\interpreter\linkResolver.cpp, line 773]
Event: 18.928 Thread 0x000001d37bcfa2c0 Exception <a 'java/lang/NoSuchMethodError'{0x000000070e7a7998}: 'double java.lang.invoke.DelegatingMethodHandle$Holder.reinvoke_L(java.lang.Object, java.lang.Object)'> (0x000000070e7a7998) 
thrown [s\src\hotspot\share\interpreter\linkResolver.cpp, line 773]
Event: 19.572 Thread 0x000001d37bf72090 Exception <a 'java/lang/NoSuchMethodError'{0x000000070e42b1c8}: 'void java.lang.invoke.DirectMethodHandle$Holder.invokeVirtual(java.lang.Object, java.lang.Object, double)'> (0x000000070e42b1c8) 
thrown [s\src\hotspot\share\interpreter\linkResolver.cpp, line 773]
Event: 19.573 Thread 0x000001d37bf72090 Exception <a 'java/lang/NoSuchMethodError'{0x000000070e435da0}: 'double java.lang.invoke.DelegatingMethodHandle$Holder.reinvoke_L(java.lang.Object, java.lang.Object, int)'> (0x000000070e435da0) 
thrown [s\src\hotspot\share\interpreter\linkResolver.cpp, line 773]
Event: 19.573 Thread 0x000001d37bf72090 Exception <a 'java/lang/NoSuchMethodError'{0x000000070e43ffc0}: 'void java.lang.invoke.DelegatingMethodHandle$Holder.reinvoke_L(java.lang.Object, java.lang.Object, double)'> (0x000000070e43ffc0) 
thrown [s\src\hotspot\share\interpreter\linkResolver.cpp, line 773]
Event: 133.686 Thread 0x000001d37bf71a00 Implicit null exception at 0x000001d324d5b3f3 to 0x000001d324d5b7b4
Event: 133.688 Thread 0x000001d37bf71a00 Implicit null exception at 0x000001d324d5b3f3 to 0x000001d324d5b7b4
Event: 133.689 Thread 0x000001d37bcfa920 Implicit null exception at 0x000001d324d5b3f3 to 0x000001d324d5b7b4
Event: 133.689 Thread 0x000001d37bf71370 Implicit null exception at 0x000001d324d5b3f3 to 0x000001d324d5b7b4

ZGC Phase Switch (0 events):
No events

VM Operations (20 events):
Event: 60.111 Executing VM operation: RendezvousGCThreads
Event: 60.111 Executing VM operation: RendezvousGCThreads done
Event: 106.541 Executing VM operation: Cleanup
Event: 106.541 Executing VM operation: Cleanup done
Event: 110.583 Executing VM operation: Cleanup
Event: 110.583 Executing VM operation: Cleanup done
Event: 130.579 Executing VM operation: G1CollectForAllocation (G1 Evacuation Pause)
Event: 130.581 Executing VM operation: G1CollectForAllocation (G1 Evacuation Pause) done
Event: 131.595 Executing VM operation: Cleanup
Event: 131.595 Executing VM operation: Cleanup done
Event: 131.824 Executing VM operation: G1CollectForAllocation (G1 Evacuation Pause)
Event: 131.825 Executing VM operation: G1CollectForAllocation (G1 Evacuation Pause) done
Event: 132.833 Executing VM operation: Cleanup
Event: 132.834 Executing VM operation: Cleanup done
Event: 133.831 Executing VM operation: G1CollectForAllocation (G1 Evacuation Pause)
Event: 133.832 Executing VM operation: G1CollectForAllocation (G1 Evacuation Pause) done
Event: 134.845 Executing VM operation: Cleanup
Event: 134.845 Executing VM operation: Cleanup done
Event: 136.139 Executing VM operation: G1CollectForAllocation (G1 Evacuation Pause)
Event: 136.165 Executing VM operation: G1CollectForAllocation (G1 Evacuation Pause) done

Memory protections (0 events):
No events

Nmethod flushes (0 events):
No events

Events (20 events):
Event: 4.628 Thread 0x000001d317723840 Thread added: 0x000001d37bf747f0
Event: 4.652 Thread 0x000001d3346f0000 Thread added: 0x000001d37b28af20
Event: 4.662 Thread 0x000001d317723840 Thread exited: 0x000001d317723840
Event: 4.662 Thread 0x000001d37bf73440 Thread added: 0x000001d37bf73440
Event: 9.884 Thread 0x000001d37b28af20 Thread exited: 0x000001d37b28af20
Event: 12.424 Thread 0x000001d37a038d40 Thread exited: 0x000001d37a038d40
Event: 13.604 Thread 0x000001d3346f0000 Thread added: 0x000001d37bb3d300
Event: 16.863 Thread 0x000001d37bb3d300 Thread exited: 0x000001d37bb3d300
Event: 39.929 Thread 0x000001d3346f0000 Thread added: 0x000001d37b268520
Event: 40.414 Thread 0x000001d37b268520 Thread added: 0x000001d33496f7c0
Event: 42.415 Thread 0x000001d33496f7c0 Thread exited: 0x000001d33496f7c0
Event: 43.115 Thread 0x000001d37b268520 Thread exited: 0x000001d37b268520
Event: 44.482 Thread 0x000001d334585de0 Thread added: 0x000001d37d575860
Event: 45.643 Thread 0x000001d37d575860 Thread added: 0x000001d37b447800
Event: 50.781 Thread 0x000001d37b447800 Thread exited: 0x000001d37b447800
Event: 51.051 Thread 0x000001d37d575860 Thread exited: 0x000001d37d575860
Event: 130.604 Thread 0x000001d334585de0 Thread added: 0x000001d37b447800
Event: 130.604 Thread 0x000001d334585de0 Thread added: 0x000001d37d770890
Event: 131.301 Thread 0x000001d37d770890 Thread exited: 0x000001d37d770890
Event: 135.890 Thread 0x000001d37b447800 Thread exited: 0x000001d37b447800


Dynamic libraries:
0x00007ff7ed260000 - 0x00007ff7ed26e000 	D:\Uni\JER\Fase3\sts-4.27.0.RELEASE\plugins\org.eclipse.justj.openjdk.hotspot.jre.full.win32.x86_64_21.0.5.v20241023-1957\jre\bin\javaw.exe
0x00007ffa755f0000 - 0x00007ffa757e8000 	C:\Windows\SYSTEM32\ntdll.dll
0x00007ffa747b0000 - 0x00007ffa74872000 	C:\Windows\System32\KERNEL32.DLL
0x00007ffa72d90000 - 0x00007ffa7308e000 	C:\Windows\System32\KERNELBASE.dll
0x00007ffa72c90000 - 0x00007ffa72d90000 	C:\Windows\System32\ucrtbase.dll
0x00007ffa4d810000 - 0x00007ffa4d828000 	D:\Uni\JER\Fase3\sts-4.27.0.RELEASE\plugins\org.eclipse.justj.openjdk.hotspot.jre.full.win32.x86_64_21.0.5.v20241023-1957\jre\bin\jli.dll
0x00007ffa74880000 - 0x00007ffa74a1d000 	C:\Windows\System32\USER32.dll
0x00007ffa73300000 - 0x00007ffa73322000 	C:\Windows\System32\win32u.dll
0x00007ffa73cc0000 - 0x00007ffa73ceb000 	C:\Windows\System32\GDI32.dll
0x00007ffa73140000 - 0x00007ffa73257000 	C:\Windows\System32\gdi32full.dll
0x00007ffa73260000 - 0x00007ffa732fd000 	C:\Windows\System32\msvcp_win.dll
0x00007ffa4d7f0000 - 0x00007ffa4d80e000 	D:\Uni\JER\Fase3\sts-4.27.0.RELEASE\plugins\org.eclipse.justj.openjdk.hotspot.jre.full.win32.x86_64_21.0.5.v20241023-1957\jre\bin\VCRUNTIME140.dll
0x00007ffa575e0000 - 0x00007ffa5787a000 	C:\Windows\WinSxS\amd64_microsoft.windows.common-controls_6595b64144ccf1df_6.0.19041.4355_none_60b8b9eb71f62e16\COMCTL32.dll
0x00007ffa73610000 - 0x00007ffa736ae000 	C:\Windows\System32\msvcrt.dll
0x00007ffa74c80000 - 0x00007ffa74caf000 	C:\Windows\System32\IMM32.DLL
0x00007ffa4ec90000 - 0x00007ffa4ec9c000 	D:\Uni\JER\Fase3\sts-4.27.0.RELEASE\plugins\org.eclipse.justj.openjdk.hotspot.jre.full.win32.x86_64_21.0.5.v20241023-1957\jre\bin\vcruntime140_1.dll
0x00007ffa4d760000 - 0x00007ffa4d7ed000 	D:\Uni\JER\Fase3\sts-4.27.0.RELEASE\plugins\org.eclipse.justj.openjdk.hotspot.jre.full.win32.x86_64_21.0.5.v20241023-1957\jre\bin\msvcp140.dll
0x00007ffa08290000 - 0x00007ffa0901f000 	D:\Uni\JER\Fase3\sts-4.27.0.RELEASE\plugins\org.eclipse.justj.openjdk.hotspot.jre.full.win32.x86_64_21.0.5.v20241023-1957\jre\bin\server\jvm.dll
0x00007ffa73780000 - 0x00007ffa73831000 	C:\Windows\System32\ADVAPI32.dll
0x00007ffa75500000 - 0x00007ffa7559f000 	C:\Windows\System32\sechost.dll
0x00007ffa74170000 - 0x00007ffa74293000 	C:\Windows\System32\RPCRT4.dll
0x00007ffa73330000 - 0x00007ffa73357000 	C:\Windows\System32\bcrypt.dll
0x00007ffa742a0000 - 0x00007ffa7430b000 	C:\Windows\System32\WS2_32.dll
0x00007ffa72a40000 - 0x00007ffa72a8b000 	C:\Windows\SYSTEM32\POWRPROF.dll
0x00007ffa5f270000 - 0x00007ffa5f297000 	C:\Windows\SYSTEM32\WINMM.dll
0x00007ffa6d370000 - 0x00007ffa6d37a000 	C:\Windows\SYSTEM32\VERSION.dll
0x00007ffa72a20000 - 0x00007ffa72a32000 	C:\Windows\SYSTEM32\UMPDC.dll
0x00007ffa70b30000 - 0x00007ffa70b42000 	C:\Windows\SYSTEM32\kernel.appcore.dll
0x00007ffa70090000 - 0x00007ffa7009a000 	D:\Uni\JER\Fase3\sts-4.27.0.RELEASE\plugins\org.eclipse.justj.openjdk.hotspot.jre.full.win32.x86_64_21.0.5.v20241023-1957\jre\bin\jimage.dll
0x00007ffa5e670000 - 0x00007ffa5e854000 	C:\Windows\SYSTEM32\DBGHELP.DLL
0x00007ffa45f80000 - 0x00007ffa45fb4000 	C:\Windows\SYSTEM32\dbgcore.DLL
0x00007ffa73580000 - 0x00007ffa73602000 	C:\Windows\System32\bcryptPrimitives.dll
0x00007ffa65df0000 - 0x00007ffa65e0f000 	D:\Uni\JER\Fase3\sts-4.27.0.RELEASE\plugins\org.eclipse.justj.openjdk.hotspot.jre.full.win32.x86_64_21.0.5.v20241023-1957\jre\bin\java.dll
0x00007ffa74d90000 - 0x00007ffa754fd000 	C:\Windows\System32\SHELL32.dll
0x00007ffa70d30000 - 0x00007ffa714d4000 	C:\Windows\SYSTEM32\windows.storage.dll
0x00007ffa743f0000 - 0x00007ffa74743000 	C:\Windows\System32\combase.dll
0x00007ffa725f0000 - 0x00007ffa7261e000 	C:\Windows\SYSTEM32\Wldp.dll
0x00007ffa736b0000 - 0x00007ffa7377d000 	C:\Windows\System32\OLEAUT32.dll
0x00007ffa73f10000 - 0x00007ffa73fbd000 	C:\Windows\System32\SHCORE.dll
0x00007ffa74cb0000 - 0x00007ffa74d05000 	C:\Windows\System32\shlwapi.dll
0x00007ffa72bc0000 - 0x00007ffa72be4000 	C:\Windows\SYSTEM32\profapi.dll
0x00007ffa4f0d0000 - 0x00007ffa4f0e8000 	D:\Uni\JER\Fase3\sts-4.27.0.RELEASE\plugins\org.eclipse.justj.openjdk.hotspot.jre.full.win32.x86_64_21.0.5.v20241023-1957\jre\bin\zip.dll
0x00007ffa65de0000 - 0x00007ffa65df0000 	D:\Uni\JER\Fase3\sts-4.27.0.RELEASE\plugins\org.eclipse.justj.openjdk.hotspot.jre.full.win32.x86_64_21.0.5.v20241023-1957\jre\bin\net.dll
0x00007ffa6c5b0000 - 0x00007ffa6c6bd000 	C:\Windows\SYSTEM32\WINHTTP.dll
0x00007ffa72350000 - 0x00007ffa723ba000 	C:\Windows\system32\mswsock.dll
0x00007ffa4ed10000 - 0x00007ffa4ed26000 	D:\Uni\JER\Fase3\sts-4.27.0.RELEASE\plugins\org.eclipse.justj.openjdk.hotspot.jre.full.win32.x86_64_21.0.5.v20241023-1957\jre\bin\nio.dll
0x00007ffa4eca0000 - 0x00007ffa4ecae000 	D:\Uni\JER\Fase3\sts-4.27.0.RELEASE\plugins\org.eclipse.justj.openjdk.hotspot.jre.full.win32.x86_64_21.0.5.v20241023-1957\jre\bin\sunmscapi.dll
0x00007ffa73420000 - 0x00007ffa7357c000 	C:\Windows\System32\CRYPT32.dll
0x00007ffa72660000 - 0x00007ffa72687000 	C:\Windows\SYSTEM32\ncrypt.dll
0x00007ffa72620000 - 0x00007ffa7265b000 	C:\Windows\SYSTEM32\NTASN1.dll
0x00007ffa72550000 - 0x00007ffa72568000 	C:\Windows\SYSTEM32\CRYPTSP.dll
0x00007ffa71c70000 - 0x00007ffa71ca4000 	C:\Windows\system32\rsaenh.dll
0x00007ffa72b40000 - 0x00007ffa72b6e000 	C:\Windows\SYSTEM32\USERENV.dll
0x00007ffa72540000 - 0x00007ffa7254c000 	C:\Windows\SYSTEM32\CRYPTBASE.dll
0x00007ffa72030000 - 0x00007ffa7206b000 	C:\Windows\SYSTEM32\IPHLPAPI.DLL
0x00007ffa755a0000 - 0x00007ffa755a8000 	C:\Windows\System32\NSI.dll
0x00007ffa4ef60000 - 0x00007ffa4ef6a000 	D:\Uni\JER\Fase3\sts-4.27.0.RELEASE\plugins\org.eclipse.justj.openjdk.hotspot.jre.full.win32.x86_64_21.0.5.v20241023-1957\jre\bin\management.dll
0x00007ffa4ec70000 - 0x00007ffa4ec7b000 	D:\Uni\JER\Fase3\sts-4.27.0.RELEASE\plugins\org.eclipse.justj.openjdk.hotspot.jre.full.win32.x86_64_21.0.5.v20241023-1957\jre\bin\management_ext.dll
0x00007ffa73cb0000 - 0x00007ffa73cb8000 	C:\Windows\System32\PSAPI.DLL
0x00007ffa53cc0000 - 0x00007ffa53cc9000 	D:\Uni\JER\Fase3\sts-4.27.0.RELEASE\plugins\org.eclipse.justj.openjdk.hotspot.jre.full.win32.x86_64_21.0.5.v20241023-1957\jre\bin\extnet.dll
0x00007ffa4f0a0000 - 0x00007ffa4f0a7000 	C:\Windows\system32\wshunix.dll

dbghelp: loaded successfully - version: 4.0.5 - missing functions: none
symbol engine: initialized successfully - sym options: 0x614 - pdb path: .;D:\Uni\JER\Fase3\sts-4.27.0.RELEASE\plugins\org.eclipse.justj.openjdk.hotspot.jre.full.win32.x86_64_21.0.5.v20241023-1957\jre\bin;C:\Windows\SYSTEM32;C:\Windows\WinSxS\amd64_microsoft.windows.common-controls_6595b64144ccf1df_6.0.19041.4355_none_60b8b9eb71f62e16;D:\Uni\JER\Fase3\sts-4.27.0.RELEASE\plugins\org.eclipse.justj.openjdk.hotspot.jre.full.win32.x86_64_21.0.5.v20241023-1957\jre\bin\server

VM Arguments:
jvm_args: -Dfile.encoding=UTF-8 -Dstdout.encoding=UTF-8 -Dstderr.encoding=UTF-8 -XX:+ShowCodeDetailsInExceptionMessages 
java_command: com.example.demo.LabRatsServerApplication
java_class_path (initial): D:\Uni\Jam Colonian't\JER-24-25\LabRatsServer\target\classes;C:\Users\Usuario\.m2\repository\org\springframework\boot\spring-boot-starter-web\3.4.0\spring-boot-starter-web-3.4.0.jar;C:\Users\Usuario\.m2\repository\org\springframework\boot\spring-boot-starter\3.4.0\spring-boot-starter-3.4.0.jar;C:\Users\Usuario\.m2\repository\org\springframework\boot\spring-boot\3.4.0\spring-boot-3.4.0.jar;C:\Users\Usuario\.m2\repository\org\springframework\boot\spring-boot-autoconfigure\3.4.0\spring-boot-autoconfigure-3.4.0.jar;C:\Users\Usuario\.m2\repository\org\springframework\boot\spring-boot-starter-logging\3.4.0\spring-boot-starter-logging-3.4.0.jar;C:\Users\Usuario\.m2\repository\ch\qos\logback\logback-classic\1.5.12\logback-classic-1.5.12.jar;C:\Users\Usuario\.m2\repository\ch\qos\logback\logback-core\1.5.12\logback-core-1.5.12.jar;C:\Users\Usuario\.m2\repository\org\apache\logging\log4j\log4j-to-slf4j\2.24.1\log4j-to-slf4j-2.24.1.jar;C:\Users\Usuario\.m2\repository\org\apache\logging\log4j\log4j-api\2.24.1\log4j-api-2.24.1.jar;C:\Users\Usuario\.m2\repository\org\slf4j\jul-to-slf4j\2.0.16\jul-to-slf4j-2.0.16.jar;C:\Users\Usuario\.m2\repository\jakarta\annotation\jakarta.annotation-api\2.1.1\jakarta.annotation-api-2.1.1.jar;C:\Users\Usuario\.m2\repository\org\yaml\snakeyaml\2.3\snakeyaml-2.3.jar;C:\Users\Usuario\.m2\repository\org\springframework\boot\spring-boot-starter-json\3.4.0\spring-boot-starter-json-3.4.0.jar;C:\Users\Usuario\.m2\repository\com\fasterxml\jackson\core\jackson-databind\2.18.1\jackson-databind-2.18.1.jar;C:\Users\Usuario\.m2\repository\com\fasterxml\jackson\core\jackson-annotations\2.18.1\jackson-annotations-2.18.1.jar;C:\Users\Usuario\.m2\repository\com\fasterxml\jackson\core\jackson-core\2.18.1\jackson-core-2.18.1.jar;C:\Users\Usuario\.m2\repository\com\fasterxml\jackson\datatype\jackson-datatype-jdk8\2.18.1\jackson-datatype-jdk8-2.18.1.jar;C:\Users\Usuario\.m2\repository\com\fasterxml\jackson\datatype\jackson-datatype-jsr310\2.18.1\jackson-datatype-jsr310-2.18.1.jar;C:\Users\Usuario\.m2\repository\com\fasterxml\jackson\module\jackson-module-parameter-names\2.18.1\jackson-module-parameter-names-2.18.1.jar;C:\Users\Usuario\.m2\repository\org\springframework\boot\spring-boot-starter-tomcat\3.4.0\spring-boot-starter-tomcat-3.4.0.jar;C:\Users\Usuario\.m2\repository\org\apache\tomcat\embed\tomcat-embed-core\10.1.33\tomcat-embed-core-10.1.33.jar;C:\Users\Usuario\.m2\repository\org\apache\tomcat\embed\tomcat-embed-el\10.1.33\tomcat-embed-el-10.1.33.jar;C:\Users\Usuario\.m2\repository\org\apache\tomcat\embed\tomcat-embed-websocket\10.1.33\tomcat-embed-websocket-10.1.33.jar;C:\Users\Usuario\.m2\repository\org\springframework\spring-web\6.2.0\spring-web-6.2.0.jar;C:\Users\Usuario\.m2\repository\org\springframework\spring-beans\6.2.0\spring-beans-6.2.0.jar;C:\Users\Usuario\.m2\repository\io\micrometer\micrometer-observation\1.14.1\micrometer-observation-1.14.1.jar;C:\Users\Usuario\.m2\repository\io\micrometer\micrometer-commons\1.14.1\micrometer-commons-1.14.1.jar;C:\Users\Usuario\.m2\repository\org\springframework\spring-webmvc\6.2.0\spring-webmvc-6.2.0.jar;C:\Users\Usuario\.m2\repository\org\springframework\spring-aop\6.2.0\spring-aop-6.2.0.jar;C:\Users\Usuario\.m2\repository\org\springframework\spring-context\6.2.0\spring-context-6.2.0.jar;C:\Users\Usuario\.m2\repository\org\springframework\spring-expression\6.2.0\spring-expression-6.2.0.jar;C:\Users\Usuario\.m2\repository\org\slf4j\slf4j-api\2.0.16\slf4j-api-2.0.16.jar;C:\Users\Usuario\.m2\repository\org\springframework\spring-core\6.2.0\spring-core-6.2.0.jar;C:\Users\Usuario\.m2\repository\org\springframework\spring-jcl\6.2.0\spring-jcl-6.2.0.jar
Launcher Type: SUN_STANDARD

[Global flags]
     intx CICompilerCount                          = 4                                         {product} {ergonomic}
     uint ConcGCThreads                            = 3                                         {product} {ergonomic}
     uint G1ConcRefinementThreads                  = 10                                        {product} {ergonomic}
   size_t G1HeapRegionSize                         = 2097152                                   {product} {ergonomic}
    uintx GCDrainStackTargetSize                   = 64                                        {product} {ergonomic}
   size_t InitialHeapSize                          = 268435456                                 {product} {ergonomic}
   size_t MarkStackSize                            = 4194304                                   {product} {ergonomic}
   size_t MaxHeapSize                              = 4276092928                                {product} {ergonomic}
   size_t MaxNewSize                               = 2564816896                                {product} {ergonomic}
   size_t MinHeapDeltaBytes                        = 2097152                                   {product} {ergonomic}
   size_t MinHeapSize                              = 8388608                                   {product} {ergonomic}
    uintx NonNMethodCodeHeapSize                   = 5839372                                {pd product} {ergonomic}
    uintx NonProfiledCodeHeapSize                  = 122909434                              {pd product} {ergonomic}
    uintx ProfiledCodeHeapSize                     = 122909434                              {pd product} {ergonomic}
    uintx ReservedCodeCacheSize                    = 251658240                              {pd product} {ergonomic}
     bool SegmentedCodeCache                       = true                                      {product} {ergonomic}
     bool ShowCodeDetailsInExceptionMessages       = true                                   {manageable} {command line}
   size_t SoftMaxHeapSize                          = 4276092928                             {manageable} {ergonomic}
     bool UseCompressedOops                        = true                           {product lp64_product} {ergonomic}
     bool UseG1GC                                  = true                                      {product} {ergonomic}
     bool UseLargePagesIndividualAllocation        = false                                  {pd product} {ergonomic}

Logging:
Log output configuration:
 #0: stdout all=warning uptime,level,tags foldmultilines=false
 #1: stderr all=off uptime,level,tags foldmultilines=false

Environment Variables:
PATH=D:/Uni/JER/Fase3/sts-4.27.0.RELEASE//plugins/org.eclipse.justj.openjdk.hotspot.jre.full.win32.x86_64_21.0.5.v20241023-1957/jre/bin/server;D:/Uni/JER/Fase3/sts-4.27.0.RELEASE//plugins/org.eclipse.justj.openjdk.hotspot.jre.full.win32.x86_64_21.0.5.v20241023-1957/jre/bin;C:\Program Files (x86)\Common Files\Oracle\Java\javapath;C:\Windows\system32;C:\Windows;C:\Windows\System32\Wbem;C:\Windows\System32\WindowsPowerShell\v1.0\;C:\Windows\System32\OpenSSH\;C:\Program Files (x86)\NVIDIA Corporation\PhysX\Common;C:\Program Files (x86)\Windows Kits\10\Windows Performance Toolkit\;D:\UNI\IG\Estudiando para el examen\cmake-3.28.1-windows-x86_64\bin;C:\Program Files\dotnet\;D:\UNI\Programas\runtime\win64;D:\UNI\Programas\bin;C:\Program Files\NVIDIA Corporation\NVIDIA app\NvDLISR;C:\Program Files\Calibre2\;C:\Program Files\Git\cmd;D:\Uni\JER\Practica2\Scripts\;D:\Uni\JER\Practica2\;C:\Users\Usuario\AppData\Local\Programs\Python\Launcher\;C:\Users\Usuario\AppData\Local\Microsoft\WindowsApps;D:\Programas\Microsoft VS Code\bin;C:\Users\Usuario\AppData\Local\GitHubDesktop\bin;C:\Users\Usuario\.dotnet\tools;D:\Uni\JER\Fase3\sts-4.27.0.RELEASE;
USERNAME=Usuario
OS=Windows_NT
PROCESSOR_IDENTIFIER=Intel64 Family 6 Model 158 Stepping 10, GenuineIntel
TMP=C:\Users\Usuario\AppData\Local\Temp
TEMP=C:\Users\Usuario\AppData\Local\Temp




Periodic native trim disabled

---------------  S Y S T E M  ---------------

OS:
 Windows 10 , 64 bit Build 19041 (10.0.19041.5198)
OS uptime: 0 days 0:50 hours

CPU: total 12 (initial active 12) (6 cores per cpu, 2 threads per core) family 6 model 158 stepping 10 microcode 0xb4, cx8, cmov, fxsr, ht, mmx, 3dnowpref, sse, sse2, sse3, ssse3, sse4.1, sse4.2, popcnt, lzcnt, tsc, tscinvbit, avx, avx2, aes, erms, clmul, bmi1, bmi2, rtm, adx, fma, vzeroupper, clflush, clflushopt, rdtscp, f16c
Processor Information for all 12 processors :
  Max Mhz: 3696, Current Mhz: 3696, Mhz Limit: 3696

Memory: 4k page, system-wide physical 16310M (4333M free)
TotalPageFile size 26972M (AvailPageFile size 5M)
current process WorkingSet (physical memory assigned to process): 202M, peak: 217M
current process commit charge ("private bytes"): 242M, peak: 421M

vm_info: OpenJDK 64-Bit Server VM (21.0.5+11-LTS) for windows-amd64 JRE (21.0.5+11-LTS), built on 2024-10-15T00:00:00Z by "admin" with MS VC++ 17.7 (VS2022)

END.
